{"/Users/mvneves/dev/MOBILE/weather-suncreen-app/app/+html.tsx": {"path":"/Users/mvneves/dev/MOBILE/weather-suncreen-app/app/+html.tsx","statementMap":{"0":{"start":{"line":8,"column":2},"end":{"line":27,"column":4}},"1":{"start":{"line":30,"column":29},"end":{"line":38,"column":2}}},"fnMap":{"0":{"name":"Root","decl":{"start":{"line":7,"column":24},"end":{"line":7,"column":28}},"loc":{"start":{"line":7,"column":74},"end":{"line":28,"column":1}},"line":7}},"branchMap":{},"s":{"0":0,"1":0},"f":{"0":0},"b":{}}
,"/Users/mvneves/dev/MOBILE/weather-suncreen-app/app/+not-found.tsx": {"path":"/Users/mvneves/dev/MOBILE/weather-suncreen-app/app/+not-found.tsx","statementMap":{"0":{"start":{"line":7,"column":2},"end":{"line":18,"column":4}},"1":{"start":{"line":21,"column":15},"end":{"line":40,"column":2}}},"fnMap":{"0":{"name":"NotFoundScreen","decl":{"start":{"line":6,"column":24},"end":{"line":6,"column":38}},"loc":{"start":{"line":6,"column":41},"end":{"line":19,"column":1}},"line":6}},"branchMap":{},"s":{"0":0,"1":0},"f":{"0":0},"b":{}}
,"/Users/mvneves/dev/MOBILE/weather-suncreen-app/app/_layout.tsx": {"path":"/Users/mvneves/dev/MOBILE/weather-suncreen-app/app/_layout.tsx","statementMap":{"0":{"start":{"line":17,"column":33},"end":{"line":20,"column":1}},"1":{"start":{"line":23,"column":0},"end":{"line":23,"column":36}},"2":{"start":{"line":26,"column":26},"end":{"line":29,"column":4}},"3":{"start":{"line":32,"column":2},"end":{"line":34,"column":14}},"4":{"start":{"line":33,"column":4},"end":{"line":33,"column":27}},"5":{"start":{"line":33,"column":15},"end":{"line":33,"column":27}},"6":{"start":{"line":36,"column":2},"end":{"line":40,"column":15}},"7":{"start":{"line":37,"column":4},"end":{"line":39,"column":5}},"8":{"start":{"line":38,"column":6},"end":{"line":38,"column":31}},"9":{"start":{"line":42,"column":2},"end":{"line":44,"column":3}},"10":{"start":{"line":43,"column":4},"end":{"line":43,"column":16}},"11":{"start":{"line":46,"column":2},"end":{"line":53,"column":4}},"12":{"start":{"line":57,"column":2},"end":{"line":63,"column":4}}},"fnMap":{"0":{"name":"RootLayout","decl":{"start":{"line":25,"column":24},"end":{"line":25,"column":34}},"loc":{"start":{"line":25,"column":37},"end":{"line":54,"column":1}},"line":25},"1":{"name":"(anonymous_1)","decl":{"start":{"line":32,"column":12},"end":{"line":32,"column":13}},"loc":{"start":{"line":32,"column":18},"end":{"line":34,"column":3}},"line":32},"2":{"name":"(anonymous_2)","decl":{"start":{"line":36,"column":12},"end":{"line":36,"column":13}},"loc":{"start":{"line":36,"column":18},"end":{"line":40,"column":3}},"line":36},"3":{"name":"RootLayoutNav","decl":{"start":{"line":56,"column":9},"end":{"line":56,"column":22}},"loc":{"start":{"line":56,"column":25},"end":{"line":64,"column":1}},"line":56}},"branchMap":{"0":{"loc":{"start":{"line":33,"column":4},"end":{"line":33,"column":27}},"type":"if","locations":[{"start":{"line":33,"column":4},"end":{"line":33,"column":27}},{"start":{},"end":{}}],"line":33},"1":{"loc":{"start":{"line":37,"column":4},"end":{"line":39,"column":5}},"type":"if","locations":[{"start":{"line":37,"column":4},"end":{"line":39,"column":5}},{"start":{},"end":{}}],"line":37},"2":{"loc":{"start":{"line":42,"column":2},"end":{"line":44,"column":3}},"type":"if","locations":[{"start":{"line":42,"column":2},"end":{"line":44,"column":3}},{"start":{},"end":{}}],"line":42}},"s":{"0":0,"1":0,"2":0,"3":0,"4":0,"5":0,"6":0,"7":0,"8":0,"9":0,"10":0,"11":0,"12":0},"f":{"0":0,"1":0,"2":0,"3":0},"b":{"0":[0,0],"1":[0,0],"2":[0,0]}}
,"/Users/mvneves/dev/MOBILE/weather-suncreen-app/app/modal.tsx": {"path":"/Users/mvneves/dev/MOBILE/weather-suncreen-app/app/modal.tsx","statementMap":{"0":{"start":{"line":8,"column":2},"end":{"line":17,"column":4}},"1":{"start":{"line":20,"column":15},"end":{"line":35,"column":2}}},"fnMap":{"0":{"name":"ModalScreen","decl":{"start":{"line":7,"column":24},"end":{"line":7,"column":35}},"loc":{"start":{"line":7,"column":38},"end":{"line":18,"column":1}},"line":7}},"branchMap":{"0":{"loc":{"start":{"line":15,"column":24},"end":{"line":15,"column":64}},"type":"cond-expr","locations":[{"start":{"line":15,"column":48},"end":{"line":15,"column":55}},{"start":{"line":15,"column":58},"end":{"line":15,"column":64}}],"line":15}},"s":{"0":0,"1":0},"f":{"0":0},"b":{"0":[0,0]}}
,"/Users/mvneves/dev/MOBILE/weather-suncreen-app/app/(dev)/_layout.tsx": {"path":"/Users/mvneves/dev/MOBILE/weather-suncreen-app/app/(dev)/_layout.tsx","statementMap":{"0":{"start":{"line":8,"column":2},"end":{"line":13,"column":4}}},"fnMap":{"0":{"name":"DevLayout","decl":{"start":{"line":7,"column":24},"end":{"line":7,"column":33}},"loc":{"start":{"line":7,"column":36},"end":{"line":14,"column":1}},"line":7}},"branchMap":{},"s":{"0":0},"f":{"0":0},"b":{}}
,"/Users/mvneves/dev/MOBILE/weather-suncreen-app/app/(tabs)/_layout.tsx": {"path":"/Users/mvneves/dev/MOBILE/weather-suncreen-app/app/(tabs)/_layout.tsx","statementMap":{"0":{"start":{"line":23,"column":17},"end":{"line":23,"column":28}},"1":{"start":{"line":24,"column":16},"end":{"line":24,"column":32}},"2":{"start":{"line":25,"column":26},"end":{"line":25,"column":39}},"3":{"start":{"line":27,"column":2},"end":{"line":87,"column":4}}},"fnMap":{"0":{"name":"TabLayout","decl":{"start":{"line":22,"column":24},"end":{"line":22,"column":33}},"loc":{"start":{"line":22,"column":36},"end":{"line":88,"column":1}},"line":22}},"branchMap":{"0":{"loc":{"start":{"line":33,"column":15},"end":{"line":35,"column":28}},"type":"cond-expr","locations":[{"start":{"line":34,"column":12},"end":{"line":34,"column":62}},{"start":{"line":35,"column":12},"end":{"line":35,"column":28}}],"line":33},"1":{"loc":{"start":{"line":37,"column":19},"end":{"line":39,"column":26}},"type":"cond-expr","locations":[{"start":{"line":38,"column":12},"end":{"line":38,"column":76}},{"start":{"line":39,"column":12},"end":{"line":39,"column":26}}],"line":37},"2":{"loc":{"start":{"line":42,"column":19},"end":{"line":45,"column":19}},"type":"cond-expr","locations":[{"start":{"line":42,"column":47},"end":{"line":45,"column":7}},{"start":{"line":45,"column":10},"end":{"line":45,"column":19}}],"line":42},"3":{"loc":{"start":{"line":72,"column":9},"end":{"line":74,"column":9}},"type":"binary-expr","locations":[{"start":{"line":72,"column":9},"end":{"line":72,"column":24}},{"start":{"line":73,"column":10},"end":{"line":73,"column":74}}],"line":72},"4":{"loc":{"start":{"line":73,"column":18},"end":{"line":73,"column":65}},"type":"cond-expr","locations":[{"start":{"line":73,"column":36},"end":{"line":73,"column":40}},{"start":{"line":73,"column":43},"end":{"line":73,"column":65}}],"line":73}},"s":{"0":0,"1":0,"2":0,"3":0},"f":{"0":0},"b":{"0":[0,0],"1":[0,0],"2":[0,0],"3":[0,0],"4":[0,0]}}
,"/Users/mvneves/dev/MOBILE/weather-suncreen-app/app/(tabs)/index.tsx": {"path":"/Users/mvneves/dev/MOBILE/weather-suncreen-app/app/(tabs)/index.tsx","statementMap":{"0":{"start":{"line":32,"column":17},"end":{"line":32,"column":28}},"1":{"start":{"line":33,"column":26},"end":{"line":33,"column":48}},"2":{"start":{"line":34,"column":17},"end":{"line":34,"column":28}},"3":{"start":{"line":35,"column":26},"end":{"line":35,"column":39}},"4":{"start":{"line":36,"column":16},"end":{"line":36,"column":32}},"5":{"start":{"line":37,"column":24},"end":{"line":37,"column":131}},"6":{"start":{"line":40,"column":26},"end":{"line":40,"column":56}},"7":{"start":{"line":41,"column":21},"end":{"line":41,"column":52}},"8":{"start":{"line":42,"column":22},"end":{"line":42,"column":48}},"9":{"start":{"line":53,"column":6},"end":{"line":53,"column":22}},"10":{"start":{"line":62,"column":6},"end":{"line":62,"column":19}},"11":{"start":{"line":72,"column":6},"end":{"line":72,"column":18}},"12":{"start":{"line":80,"column":6},"end":{"line":80,"column":19}},"13":{"start":{"line":82,"column":36},"end":{"line":100,"column":9}},"14":{"start":{"line":83,"column":4},"end":{"line":99,"column":6}},"15":{"start":{"line":91,"column":12},"end":{"line":95,"column":13}},"16":{"start":{"line":92,"column":14},"end":{"line":92,"column":47}},"17":{"start":{"line":94,"column":14},"end":{"line":94,"column":37}},"18":{"start":{"line":102,"column":36},"end":{"line":120,"column":9}},"19":{"start":{"line":103,"column":4},"end":{"line":119,"column":6}},"20":{"start":{"line":111,"column":12},"end":{"line":115,"column":13}},"21":{"start":{"line":112,"column":14},"end":{"line":112,"column":47}},"22":{"start":{"line":114,"column":14},"end":{"line":114,"column":37}},"23":{"start":{"line":122,"column":38},"end":{"line":151,"column":101}},"24":{"start":{"line":123,"column":4},"end":{"line":126,"column":5}},"25":{"start":{"line":124,"column":6},"end":{"line":124,"column":34}},"26":{"start":{"line":125,"column":6},"end":{"line":125,"column":19}},"27":{"start":{"line":128,"column":4},"end":{"line":150,"column":5}},"28":{"start":{"line":129,"column":6},"end":{"line":129,"column":54}},"29":{"start":{"line":130,"column":6},"end":{"line":130,"column":18}},"30":{"start":{"line":132,"column":6},"end":{"line":142,"column":7}},"31":{"start":{"line":133,"column":8},"end":{"line":136,"column":9}},"32":{"start":{"line":134,"column":10},"end":{"line":134,"column":38}},"33":{"start":{"line":135,"column":10},"end":{"line":135,"column":23}},"34":{"start":{"line":138,"column":8},"end":{"line":141,"column":9}},"35":{"start":{"line":139,"column":10},"end":{"line":139,"column":38}},"36":{"start":{"line":140,"column":10},"end":{"line":140,"column":23}},"37":{"start":{"line":144,"column":6},"end":{"line":148,"column":8}},"38":{"start":{"line":149,"column":6},"end":{"line":149,"column":19}},"39":{"start":{"line":154,"column":24},"end":{"line":160,"column":50}},"40":{"start":{"line":155,"column":4},"end":{"line":159,"column":7}},"41":{"start":{"line":163,"column":32},"end":{"line":165,"column":35}},"42":{"start":{"line":164,"column":4},"end":{"line":164,"column":44}},"43":{"start":{"line":167,"column":29},"end":{"line":170,"column":50}},"44":{"start":{"line":168,"column":4},"end":{"line":168,"column":44}},"45":{"start":{"line":169,"column":4},"end":{"line":169,"column":26}},"46":{"start":{"line":173,"column":2},"end":{"line":177,"column":20}},"47":{"start":{"line":174,"column":4},"end":{"line":176,"column":5}},"48":{"start":{"line":175,"column":6},"end":{"line":175,"column":32}},"49":{"start":{"line":179,"column":2},"end":{"line":183,"column":16}},"50":{"start":{"line":180,"column":4},"end":{"line":182,"column":5}},"51":{"start":{"line":181,"column":6},"end":{"line":181,"column":27}},"52":{"start":{"line":185,"column":2},"end":{"line":189,"column":29}},"53":{"start":{"line":186,"column":4},"end":{"line":188,"column":5}},"54":{"start":{"line":187,"column":6},"end":{"line":187,"column":28}},"55":{"start":{"line":191,"column":20},"end":{"line":191,"column":72}},"56":{"start":{"line":192,"column":19},"end":{"line":192,"column":59}},"57":{"start":{"line":195,"column":2},"end":{"line":201,"column":3}},"58":{"start":{"line":196,"column":4},"end":{"line":200,"column":6}},"59":{"start":{"line":204,"column":2},"end":{"line":220,"column":3}},"60":{"start":{"line":205,"column":4},"end":{"line":219,"column":6}},"61":{"start":{"line":223,"column":2},"end":{"line":232,"column":3}},"62":{"start":{"line":224,"column":4},"end":{"line":231,"column":6}},"63":{"start":{"line":234,"column":2},"end":{"line":446,"column":4}},"64":{"start":{"line":271,"column":29},"end":{"line":271,"column":66}},"65":{"start":{"line":296,"column":31},"end":{"line":296,"column":68}},"66":{"start":{"line":315,"column":31},"end":{"line":315,"column":68}},"67":{"start":{"line":374,"column":25},"end":{"line":374,"column":62}},"68":{"start":{"line":380,"column":25},"end":{"line":380,"column":57}},"69":{"start":{"line":388,"column":25},"end":{"line":388,"column":63}},"70":{"start":{"line":416,"column":16},"end":{"line":423,"column":23}},"71":{"start":{"line":433,"column":14},"end":{"line":440,"column":21}},"72":{"start":{"line":449,"column":15},"end":{"line":547,"column":2}}},"fnMap":{"0":{"name":"HomeScreen","decl":{"start":{"line":31,"column":24},"end":{"line":31,"column":34}},"loc":{"start":{"line":31,"column":37},"end":{"line":447,"column":1}},"line":31},"1":{"name":"(anonymous_1)","decl":{"start":{"line":82,"column":48},"end":{"line":82,"column":49}},"loc":{"start":{"line":82,"column":54},"end":{"line":100,"column":3}},"line":82},"2":{"name":"(anonymous_2)","decl":{"start":{"line":90,"column":19},"end":{"line":90,"column":20}},"loc":{"start":{"line":90,"column":25},"end":{"line":96,"column":11}},"line":90},"3":{"name":"(anonymous_3)","decl":{"start":{"line":102,"column":48},"end":{"line":102,"column":49}},"loc":{"start":{"line":102,"column":54},"end":{"line":120,"column":3}},"line":102},"4":{"name":"(anonymous_4)","decl":{"start":{"line":110,"column":19},"end":{"line":110,"column":20}},"loc":{"start":{"line":110,"column":25},"end":{"line":116,"column":11}},"line":110},"5":{"name":"(anonymous_5)","decl":{"start":{"line":122,"column":50},"end":{"line":122,"column":51}},"loc":{"start":{"line":122,"column":88},"end":{"line":151,"column":3}},"line":122},"6":{"name":"(anonymous_6)","decl":{"start":{"line":154,"column":36},"end":{"line":154,"column":37}},"loc":{"start":{"line":154,"column":48},"end":{"line":160,"column":3}},"line":154},"7":{"name":"(anonymous_7)","decl":{"start":{"line":163,"column":44},"end":{"line":163,"column":45}},"loc":{"start":{"line":163,"column":56},"end":{"line":165,"column":3}},"line":163},"8":{"name":"(anonymous_8)","decl":{"start":{"line":167,"column":41},"end":{"line":167,"column":42}},"loc":{"start":{"line":167,"column":53},"end":{"line":170,"column":3}},"line":167},"9":{"name":"(anonymous_9)","decl":{"start":{"line":173,"column":12},"end":{"line":173,"column":13}},"loc":{"start":{"line":173,"column":18},"end":{"line":177,"column":3}},"line":173},"10":{"name":"(anonymous_10)","decl":{"start":{"line":179,"column":12},"end":{"line":179,"column":13}},"loc":{"start":{"line":179,"column":18},"end":{"line":183,"column":3}},"line":179},"11":{"name":"(anonymous_11)","decl":{"start":{"line":185,"column":12},"end":{"line":185,"column":13}},"loc":{"start":{"line":185,"column":18},"end":{"line":189,"column":3}},"line":185},"12":{"name":"(anonymous_12)","decl":{"start":{"line":271,"column":23},"end":{"line":271,"column":24}},"loc":{"start":{"line":271,"column":29},"end":{"line":271,"column":66}},"line":271},"13":{"name":"(anonymous_13)","decl":{"start":{"line":296,"column":25},"end":{"line":296,"column":26}},"loc":{"start":{"line":296,"column":31},"end":{"line":296,"column":68}},"line":296},"14":{"name":"(anonymous_14)","decl":{"start":{"line":315,"column":25},"end":{"line":315,"column":26}},"loc":{"start":{"line":315,"column":31},"end":{"line":315,"column":68}},"line":315},"15":{"name":"(anonymous_15)","decl":{"start":{"line":374,"column":19},"end":{"line":374,"column":20}},"loc":{"start":{"line":374,"column":25},"end":{"line":374,"column":62}},"line":374},"16":{"name":"(anonymous_16)","decl":{"start":{"line":380,"column":19},"end":{"line":380,"column":20}},"loc":{"start":{"line":380,"column":25},"end":{"line":380,"column":57}},"line":380},"17":{"name":"(anonymous_17)","decl":{"start":{"line":388,"column":19},"end":{"line":388,"column":20}},"loc":{"start":{"line":388,"column":25},"end":{"line":388,"column":63}},"line":388},"18":{"name":"(anonymous_18)","decl":{"start":{"line":415,"column":36},"end":{"line":415,"column":37}},"loc":{"start":{"line":416,"column":16},"end":{"line":423,"column":23}},"line":416},"19":{"name":"(anonymous_19)","decl":{"start":{"line":432,"column":34},"end":{"line":432,"column":35}},"loc":{"start":{"line":433,"column":14},"end":{"line":440,"column":21}},"line":433}},"branchMap":{"0":{"loc":{"start":{"line":37,"column":24},"end":{"line":37,"column":131}},"type":"binary-expr","locations":[{"start":{"line":37,"column":24},"end":{"line":37,"column":56}},{"start":{"line":37,"column":61},"end":{"line":37,"column":96}},{"start":{"line":37,"column":100},"end":{"line":37,"column":130}}],"line":37},"1":{"loc":{"start":{"line":91,"column":12},"end":{"line":95,"column":13}},"type":"if","locations":[{"start":{"line":91,"column":12},"end":{"line":95,"column":13}},{"start":{"line":93,"column":19},"end":{"line":95,"column":13}}],"line":91},"2":{"loc":{"start":{"line":111,"column":12},"end":{"line":115,"column":13}},"type":"if","locations":[{"start":{"line":111,"column":12},"end":{"line":115,"column":13}},{"start":{"line":113,"column":19},"end":{"line":115,"column":13}}],"line":111},"3":{"loc":{"start":{"line":123,"column":4},"end":{"line":126,"column":5}},"type":"if","locations":[{"start":{"line":123,"column":4},"end":{"line":126,"column":5}},{"start":{},"end":{}}],"line":123},"4":{"loc":{"start":{"line":132,"column":6},"end":{"line":142,"column":7}},"type":"if","locations":[{"start":{"line":132,"column":6},"end":{"line":142,"column":7}},{"start":{},"end":{}}],"line":132},"5":{"loc":{"start":{"line":133,"column":8},"end":{"line":136,"column":9}},"type":"if","locations":[{"start":{"line":133,"column":8},"end":{"line":136,"column":9}},{"start":{},"end":{}}],"line":133},"6":{"loc":{"start":{"line":138,"column":8},"end":{"line":141,"column":9}},"type":"if","locations":[{"start":{"line":138,"column":8},"end":{"line":141,"column":9}},{"start":{},"end":{}}],"line":138},"7":{"loc":{"start":{"line":174,"column":4},"end":{"line":176,"column":5}},"type":"if","locations":[{"start":{"line":174,"column":4},"end":{"line":176,"column":5}},{"start":{},"end":{}}],"line":174},"8":{"loc":{"start":{"line":180,"column":4},"end":{"line":182,"column":5}},"type":"if","locations":[{"start":{"line":180,"column":4},"end":{"line":182,"column":5}},{"start":{},"end":{}}],"line":180},"9":{"loc":{"start":{"line":186,"column":4},"end":{"line":188,"column":5}},"type":"if","locations":[{"start":{"line":186,"column":4},"end":{"line":188,"column":5}},{"start":{},"end":{}}],"line":186},"10":{"loc":{"start":{"line":186,"column":8},"end":{"line":186,"column":30}},"type":"binary-expr","locations":[{"start":{"line":186,"column":8},"end":{"line":186,"column":19}},{"start":{"line":186,"column":23},"end":{"line":186,"column":30}}],"line":186},"11":{"loc":{"start":{"line":191,"column":20},"end":{"line":191,"column":72}},"type":"binary-expr","locations":[{"start":{"line":191,"column":20},"end":{"line":191,"column":36}},{"start":{"line":191,"column":40},"end":{"line":191,"column":57}},{"start":{"line":191,"column":61},"end":{"line":191,"column":72}}],"line":191},"12":{"loc":{"start":{"line":192,"column":19},"end":{"line":192,"column":59}},"type":"binary-expr","locations":[{"start":{"line":192,"column":19},"end":{"line":192,"column":31}},{"start":{"line":192,"column":35},"end":{"line":192,"column":48}},{"start":{"line":192,"column":52},"end":{"line":192,"column":59}}],"line":192},"13":{"loc":{"start":{"line":195,"column":2},"end":{"line":201,"column":3}},"type":"if","locations":[{"start":{"line":195,"column":2},"end":{"line":201,"column":3}},{"start":{},"end":{}}],"line":195},"14":{"loc":{"start":{"line":195,"column":6},"end":{"line":195,"column":43}},"type":"binary-expr","locations":[{"start":{"line":195,"column":6},"end":{"line":195,"column":15}},{"start":{"line":195,"column":19},"end":{"line":195,"column":31}},{"start":{"line":195,"column":35},"end":{"line":195,"column":43}}],"line":195},"15":{"loc":{"start":{"line":204,"column":2},"end":{"line":220,"column":3}},"type":"if","locations":[{"start":{"line":204,"column":2},"end":{"line":220,"column":3}},{"start":{},"end":{}}],"line":204},"16":{"loc":{"start":{"line":204,"column":6},"end":{"line":204,"column":39}},"type":"binary-expr","locations":[{"start":{"line":204,"column":6},"end":{"line":204,"column":22}},{"start":{"line":204,"column":26},"end":{"line":204,"column":39}}],"line":204},"17":{"loc":{"start":{"line":223,"column":2},"end":{"line":232,"column":3}},"type":"if","locations":[{"start":{"line":223,"column":2},"end":{"line":232,"column":3}},{"start":{},"end":{}}],"line":223},"18":{"loc":{"start":{"line":223,"column":6},"end":{"line":223,"column":30}},"type":"binary-expr","locations":[{"start":{"line":223,"column":6},"end":{"line":223,"column":14}},{"start":{"line":223,"column":18},"end":{"line":223,"column":30}}],"line":223},"19":{"loc":{"start":{"line":248,"column":7},"end":{"line":275,"column":7}},"type":"binary-expr","locations":[{"start":{"line":248,"column":7},"end":{"line":248,"column":28}},{"start":{"line":249,"column":8},"end":{"line":274,"column":15}}],"line":248},"20":{"loc":{"start":{"line":254,"column":22},"end":{"line":254,"column":47}},"type":"binary-expr","locations":[{"start":{"line":254,"column":22},"end":{"line":254,"column":34}},{"start":{"line":254,"column":38},"end":{"line":254,"column":47}}],"line":254},"21":{"loc":{"start":{"line":258,"column":14},"end":{"line":258,"column":77}},"type":"binary-expr","locations":[{"start":{"line":258,"column":15},"end":{"line":258,"column":27}},{"start":{"line":258,"column":31},"end":{"line":258,"column":40}},{"start":{"line":258,"column":45},"end":{"line":258,"column":77}}],"line":258},"22":{"loc":{"start":{"line":262,"column":13},"end":{"line":266,"column":13}},"type":"cond-expr","locations":[{"start":{"line":263,"column":14},"end":{"line":263,"column":71}},{"start":{"line":265,"column":14},"end":{"line":265,"column":77}}],"line":262},"23":{"loc":{"start":{"line":262,"column":13},"end":{"line":262,"column":38}},"type":"binary-expr","locations":[{"start":{"line":262,"column":13},"end":{"line":262,"column":25}},{"start":{"line":262,"column":29},"end":{"line":262,"column":38}}],"line":262},"24":{"loc":{"start":{"line":278,"column":7},"end":{"line":327,"column":7}},"type":"binary-expr","locations":[{"start":{"line":278,"column":7},"end":{"line":278,"column":18}},{"start":{"line":279,"column":8},"end":{"line":326,"column":24}}],"line":278},"25":{"loc":{"start":{"line":285,"column":11},"end":{"line":325,"column":11}},"type":"cond-expr","locations":[{"start":{"line":286,"column":12},"end":{"line":305,"column":24}},{"start":{"line":307,"column":12},"end":{"line":324,"column":19}}],"line":285},"26":{"loc":{"start":{"line":330,"column":7},"end":{"line":365,"column":7}},"type":"binary-expr","locations":[{"start":{"line":330,"column":7},"end":{"line":330,"column":14}},{"start":{"line":331,"column":8},"end":{"line":364,"column":24}}],"line":330},"27":{"loc":{"start":{"line":337,"column":11},"end":{"line":363,"column":11}},"type":"cond-expr","locations":[{"start":{"line":338,"column":12},"end":{"line":350,"column":24}},{"start":{"line":352,"column":12},"end":{"line":362,"column":19}}],"line":337},"28":{"loc":{"start":{"line":396,"column":7},"end":{"line":401,"column":7}},"type":"binary-expr","locations":[{"start":{"line":396,"column":7},"end":{"line":396,"column":14}},{"start":{"line":396,"column":18},"end":{"line":396,"column":44}},{"start":{"line":396,"column":48},"end":{"line":396,"column":65}},{"start":{"line":397,"column":8},"end":{"line":400,"column":10}}],"line":396},"29":{"loc":{"start":{"line":404,"column":7},"end":{"line":444,"column":7}},"type":"binary-expr","locations":[{"start":{"line":404,"column":7},"end":{"line":404,"column":22}},{"start":{"line":405,"column":8},"end":{"line":443,"column":9}}],"line":404},"30":{"loc":{"start":{"line":405,"column":8},"end":{"line":443,"column":9}},"type":"cond-expr","locations":[{"start":{"line":406,"column":10},"end":{"line":426,"column":22}},{"start":{"line":428,"column":10},"end":{"line":442,"column":17}}],"line":405}},"s":{"0":0,"1":0,"2":0,"3":0,"4":0,"5":0,"6":0,"7":0,"8":0,"9":0,"10":0,"11":0,"12":0,"13":0,"14":0,"15":0,"16":0,"17":0,"18":0,"19":0,"20":0,"21":0,"22":0,"23":0,"24":0,"25":0,"26":0,"27":0,"28":0,"29":0,"30":0,"31":0,"32":0,"33":0,"34":0,"35":0,"36":0,"37":0,"38":0,"39":0,"40":0,"41":0,"42":0,"43":0,"44":0,"45":0,"46":0,"47":0,"48":0,"49":0,"50":0,"51":0,"52":0,"53":0,"54":0,"55":0,"56":0,"57":0,"58":0,"59":0,"60":0,"61":0,"62":0,"63":0,"64":0,"65":0,"66":0,"67":0,"68":0,"69":0,"70":0,"71":0,"72":0},"f":{"0":0,"1":0,"2":0,"3":0,"4":0,"5":0,"6":0,"7":0,"8":0,"9":0,"10":0,"11":0,"12":0,"13":0,"14":0,"15":0,"16":0,"17":0,"18":0,"19":0},"b":{"0":[0,0,0],"1":[0,0],"2":[0,0],"3":[0,0],"4":[0,0],"5":[0,0],"6":[0,0],"7":[0,0],"8":[0,0],"9":[0,0],"10":[0,0],"11":[0,0,0],"12":[0,0,0],"13":[0,0],"14":[0,0,0],"15":[0,0],"16":[0,0],"17":[0,0],"18":[0,0],"19":[0,0],"20":[0,0],"21":[0,0,0],"22":[0,0],"23":[0,0],"24":[0,0],"25":[0,0],"26":[0,0],"27":[0,0],"28":[0,0,0,0],"29":[0,0],"30":[0,0]}}
,"/Users/mvneves/dev/MOBILE/weather-suncreen-app/app/(tabs)/(home)/_layout.tsx": {"path":"/Users/mvneves/dev/MOBILE/weather-suncreen-app/app/(tabs)/(home)/_layout.tsx","statementMap":{"0":{"start":{"line":11,"column":17},"end":{"line":11,"column":28}},"1":{"start":{"line":12,"column":16},"end":{"line":12,"column":32}},"2":{"start":{"line":14,"column":2},"end":{"line":53,"column":4}}},"fnMap":{"0":{"name":"HomeStackLayout","decl":{"start":{"line":10,"column":24},"end":{"line":10,"column":39}},"loc":{"start":{"line":10,"column":42},"end":{"line":54,"column":1}},"line":10}},"branchMap":{},"s":{"0":0,"1":0,"2":0},"f":{"0":0},"b":{}}
,"/Users/mvneves/dev/MOBILE/weather-suncreen-app/app/(tabs)/(home)/forecast.tsx": {"path":"/Users/mvneves/dev/MOBILE/weather-suncreen-app/app/(tabs)/(home)/forecast.tsx","statementMap":{"0":{"start":{"line":24,"column":17},"end":{"line":24,"column":28}},"1":{"start":{"line":25,"column":26},"end":{"line":25,"column":48}},"2":{"start":{"line":26,"column":26},"end":{"line":26,"column":39}},"3":{"start":{"line":27,"column":16},"end":{"line":27,"column":32}},"4":{"start":{"line":35,"column":6},"end":{"line":35,"column":19}},"5":{"start":{"line":38,"column":2},"end":{"line":44,"column":3}},"6":{"start":{"line":39,"column":4},"end":{"line":43,"column":6}},"7":{"start":{"line":47,"column":2},"end":{"line":56,"column":3}},"8":{"start":{"line":48,"column":4},"end":{"line":55,"column":6}},"9":{"start":{"line":58,"column":16},"end":{"line":58,"column":26}},"10":{"start":{"line":59,"column":18},"end":{"line":59,"column":33}},"11":{"start":{"line":60,"column":2},"end":{"line":60,"column":39}},"12":{"start":{"line":62,"column":24},"end":{"line":62,"column":197}},"13":{"start":{"line":64,"column":2},"end":{"line":113,"column":4}},"14":{"start":{"line":116,"column":15},"end":{"line":147,"column":2}}},"fnMap":{"0":{"name":"ForecastScreen","decl":{"start":{"line":23,"column":24},"end":{"line":23,"column":38}},"loc":{"start":{"line":23,"column":41},"end":{"line":114,"column":1}},"line":23}},"branchMap":{"0":{"loc":{"start":{"line":38,"column":2},"end":{"line":44,"column":3}},"type":"if","locations":[{"start":{"line":38,"column":2},"end":{"line":44,"column":3}},{"start":{},"end":{}}],"line":38},"1":{"loc":{"start":{"line":38,"column":6},"end":{"line":38,"column":36}},"type":"binary-expr","locations":[{"start":{"line":38,"column":6},"end":{"line":38,"column":15}},{"start":{"line":38,"column":19},"end":{"line":38,"column":36}}],"line":38},"2":{"loc":{"start":{"line":47,"column":2},"end":{"line":56,"column":3}},"type":"if","locations":[{"start":{"line":47,"column":2},"end":{"line":56,"column":3}},{"start":{},"end":{}}],"line":47},"3":{"loc":{"start":{"line":47,"column":6},"end":{"line":47,"column":32}},"type":"binary-expr","locations":[{"start":{"line":47,"column":6},"end":{"line":47,"column":11}},{"start":{"line":47,"column":15},"end":{"line":47,"column":32}}],"line":47},"4":{"loc":{"start":{"line":67,"column":7},"end":{"line":95,"column":7}},"type":"binary-expr","locations":[{"start":{"line":67,"column":7},"end":{"line":67,"column":22}},{"start":{"line":68,"column":8},"end":{"line":94,"column":9}}],"line":67},"5":{"loc":{"start":{"line":68,"column":8},"end":{"line":94,"column":9}},"type":"cond-expr","locations":[{"start":{"line":69,"column":10},"end":{"line":84,"column":22}},{"start":{"line":86,"column":10},"end":{"line":93,"column":17}}],"line":68},"6":{"loc":{"start":{"line":97,"column":7},"end":{"line":111,"column":7}},"type":"cond-expr","locations":[{"start":{"line":98,"column":8},"end":{"line":104,"column":10}},{"start":{"line":106,"column":8},"end":{"line":110,"column":20}}],"line":97}},"s":{"0":0,"1":0,"2":0,"3":0,"4":0,"5":0,"6":0,"7":0,"8":0,"9":0,"10":0,"11":0,"12":0,"13":0,"14":0},"f":{"0":0},"b":{"0":[0,0],"1":[0,0],"2":[0,0],"3":[0,0],"4":[0,0],"5":[0,0],"6":[0,0]}}
,"/Users/mvneves/dev/MOBILE/weather-suncreen-app/app/(tabs)/(home)/index.tsx": {"path":"/Users/mvneves/dev/MOBILE/weather-suncreen-app/app/(tabs)/(home)/index.tsx","statementMap":{"0":{"start":{"line":5,"column":2},"end":{"line":5,"column":24}}},"fnMap":{"0":{"name":"HomeTabIndex","decl":{"start":{"line":4,"column":24},"end":{"line":4,"column":36}},"loc":{"start":{"line":4,"column":39},"end":{"line":6,"column":1}},"line":4}},"branchMap":{},"s":{"0":0},"f":{"0":0},"b":{}}
,"/Users/mvneves/dev/MOBILE/weather-suncreen-app/app/(tabs)/(home)/uv.tsx": {"path":"/Users/mvneves/dev/MOBILE/weather-suncreen-app/app/(tabs)/(home)/uv.tsx","statementMap":{"0":{"start":{"line":24,"column":17},"end":{"line":24,"column":28}},"1":{"start":{"line":25,"column":26},"end":{"line":25,"column":48}},"2":{"start":{"line":26,"column":44},"end":{"line":26,"column":57}},"3":{"start":{"line":27,"column":16},"end":{"line":27,"column":32}},"4":{"start":{"line":37,"column":6},"end":{"line":37,"column":18}},"5":{"start":{"line":40,"column":2},"end":{"line":46,"column":3}},"6":{"start":{"line":41,"column":4},"end":{"line":45,"column":6}},"7":{"start":{"line":49,"column":2},"end":{"line":58,"column":3}},"8":{"start":{"line":50,"column":4},"end":{"line":57,"column":6}},"9":{"start":{"line":60,"column":2},"end":{"line":69,"column":3}},"10":{"start":{"line":61,"column":4},"end":{"line":68,"column":6}},"11":{"start":{"line":71,"column":2},"end":{"line":192,"column":4}},"12":{"start":{"line":110,"column":34},"end":{"line":110,"column":68}},"13":{"start":{"line":126,"column":32},"end":{"line":126,"column":66}},"14":{"start":{"line":195,"column":15},"end":{"line":237,"column":2}}},"fnMap":{"0":{"name":"UVIndexScreen","decl":{"start":{"line":23,"column":24},"end":{"line":23,"column":37}},"loc":{"start":{"line":23,"column":40},"end":{"line":193,"column":1}},"line":23},"1":{"name":"(anonymous_1)","decl":{"start":{"line":110,"column":24},"end":{"line":110,"column":25}},"loc":{"start":{"line":110,"column":34},"end":{"line":110,"column":68}},"line":110},"2":{"name":"(anonymous_2)","decl":{"start":{"line":126,"column":22},"end":{"line":126,"column":23}},"loc":{"start":{"line":126,"column":32},"end":{"line":126,"column":66}},"line":126}},"branchMap":{"0":{"loc":{"start":{"line":40,"column":2},"end":{"line":46,"column":3}},"type":"if","locations":[{"start":{"line":40,"column":2},"end":{"line":46,"column":3}},{"start":{},"end":{}}],"line":40},"1":{"loc":{"start":{"line":40,"column":6},"end":{"line":40,"column":27}},"type":"binary-expr","locations":[{"start":{"line":40,"column":6},"end":{"line":40,"column":15}},{"start":{"line":40,"column":19},"end":{"line":40,"column":27}}],"line":40},"2":{"loc":{"start":{"line":49,"column":2},"end":{"line":58,"column":3}},"type":"if","locations":[{"start":{"line":49,"column":2},"end":{"line":58,"column":3}},{"start":{},"end":{}}],"line":49},"3":{"loc":{"start":{"line":49,"column":6},"end":{"line":49,"column":23}},"type":"binary-expr","locations":[{"start":{"line":49,"column":6},"end":{"line":49,"column":11}},{"start":{"line":49,"column":15},"end":{"line":49,"column":23}}],"line":49},"4":{"loc":{"start":{"line":60,"column":2},"end":{"line":69,"column":3}},"type":"if","locations":[{"start":{"line":60,"column":2},"end":{"line":69,"column":3}},{"start":{},"end":{}}],"line":60},"5":{"loc":{"start":{"line":96,"column":7},"end":{"line":130,"column":7}},"type":"cond-expr","locations":[{"start":{"line":97,"column":8},"end":{"line":114,"column":20}},{"start":{"line":116,"column":8},"end":{"line":129,"column":15}}],"line":96},"6":{"loc":{"start":{"line":133,"column":7},"end":{"line":159,"column":7}},"type":"binary-expr","locations":[{"start":{"line":133,"column":7},"end":{"line":133,"column":33}},{"start":{"line":134,"column":8},"end":{"line":158,"column":9}}],"line":133},"7":{"loc":{"start":{"line":134,"column":8},"end":{"line":158,"column":9}},"type":"cond-expr","locations":[{"start":{"line":135,"column":10},"end":{"line":147,"column":22}},{"start":{"line":149,"column":10},"end":{"line":157,"column":17}}],"line":134},"8":{"loc":{"start":{"line":162,"column":7},"end":{"line":190,"column":7}},"type":"cond-expr","locations":[{"start":{"line":163,"column":8},"end":{"line":177,"column":20}},{"start":{"line":179,"column":8},"end":{"line":189,"column":15}}],"line":162}},"s":{"0":0,"1":0,"2":0,"3":0,"4":0,"5":0,"6":0,"7":0,"8":0,"9":0,"10":0,"11":0,"12":0,"13":0,"14":0},"f":{"0":0,"1":0,"2":0},"b":{"0":[0,0],"1":[0,0],"2":[0,0],"3":[0,0],"4":[0,0],"5":[0,0],"6":[0,0],"7":[0,0],"8":[0,0]}}
,"/Users/mvneves/dev/MOBILE/weather-suncreen-app/app/(tabs)/(home)/weather.tsx": {"path":"/Users/mvneves/dev/MOBILE/weather-suncreen-app/app/(tabs)/(home)/weather.tsx","statementMap":{"0":{"start":{"line":23,"column":17},"end":{"line":23,"column":28}},"1":{"start":{"line":24,"column":26},"end":{"line":24,"column":48}},"2":{"start":{"line":25,"column":22},"end":{"line":25,"column":38}},"3":{"start":{"line":26,"column":26},"end":{"line":26,"column":39}},"4":{"start":{"line":27,"column":24},"end":{"line":27,"column":131}},"5":{"start":{"line":28,"column":16},"end":{"line":28,"column":32}},"6":{"start":{"line":41,"column":6},"end":{"line":41,"column":22}},"7":{"start":{"line":44,"column":2},"end":{"line":50,"column":3}},"8":{"start":{"line":45,"column":4},"end":{"line":49,"column":6}},"9":{"start":{"line":53,"column":2},"end":{"line":62,"column":3}},"10":{"start":{"line":54,"column":4},"end":{"line":61,"column":6}},"11":{"start":{"line":64,"column":2},"end":{"line":73,"column":3}},"12":{"start":{"line":65,"column":4},"end":{"line":72,"column":6}},"13":{"start":{"line":76,"column":22},"end":{"line":92,"column":3}},"14":{"start":{"line":94,"column":2},"end":{"line":240,"column":4}},"15":{"start":{"line":176,"column":10},"end":{"line":209,"column":17}},"16":{"start":{"line":243,"column":15},"end":{"line":328,"column":2}}},"fnMap":{"0":{"name":"WeatherDetailScreen","decl":{"start":{"line":22,"column":24},"end":{"line":22,"column":43}},"loc":{"start":{"line":22,"column":46},"end":{"line":241,"column":1}},"line":22},"1":{"name":"(anonymous_1)","decl":{"start":{"line":175,"column":25},"end":{"line":175,"column":26}},"loc":{"start":{"line":176,"column":10},"end":{"line":209,"column":17}},"line":176}},"branchMap":{"0":{"loc":{"start":{"line":27,"column":24},"end":{"line":27,"column":131}},"type":"binary-expr","locations":[{"start":{"line":27,"column":24},"end":{"line":27,"column":56}},{"start":{"line":27,"column":61},"end":{"line":27,"column":96}},{"start":{"line":27,"column":100},"end":{"line":27,"column":130}}],"line":27},"1":{"loc":{"start":{"line":44,"column":2},"end":{"line":50,"column":3}},"type":"if","locations":[{"start":{"line":44,"column":2},"end":{"line":50,"column":3}},{"start":{},"end":{}}],"line":44},"2":{"loc":{"start":{"line":44,"column":6},"end":{"line":44,"column":31}},"type":"binary-expr","locations":[{"start":{"line":44,"column":6},"end":{"line":44,"column":15}},{"start":{"line":44,"column":19},"end":{"line":44,"column":31}}],"line":44},"3":{"loc":{"start":{"line":53,"column":2},"end":{"line":62,"column":3}},"type":"if","locations":[{"start":{"line":53,"column":2},"end":{"line":62,"column":3}},{"start":{},"end":{}}],"line":53},"4":{"loc":{"start":{"line":53,"column":6},"end":{"line":53,"column":27}},"type":"binary-expr","locations":[{"start":{"line":53,"column":6},"end":{"line":53,"column":11}},{"start":{"line":53,"column":15},"end":{"line":53,"column":27}}],"line":53},"5":{"loc":{"start":{"line":64,"column":2},"end":{"line":73,"column":3}},"type":"if","locations":[{"start":{"line":64,"column":2},"end":{"line":73,"column":3}},{"start":{},"end":{}}],"line":64},"6":{"loc":{"start":{"line":108,"column":7},"end":{"line":130,"column":7}},"type":"cond-expr","locations":[{"start":{"line":109,"column":8},"end":{"line":120,"column":20}},{"start":{"line":122,"column":8},"end":{"line":129,"column":15}}],"line":108},"7":{"loc":{"start":{"line":114,"column":11},"end":{"line":119,"column":11}},"type":"binary-expr","locations":[{"start":{"line":114,"column":11},"end":{"line":114,"column":31}},{"start":{"line":115,"column":12},"end":{"line":118,"column":14}}],"line":114},"8":{"loc":{"start":{"line":123,"column":11},"end":{"line":128,"column":11}},"type":"binary-expr","locations":[{"start":{"line":123,"column":11},"end":{"line":123,"column":31}},{"start":{"line":124,"column":12},"end":{"line":127,"column":14}}],"line":123},"9":{"loc":{"start":{"line":133,"column":7},"end":{"line":171,"column":7}},"type":"cond-expr","locations":[{"start":{"line":134,"column":8},"end":{"line":152,"column":20}},{"start":{"line":154,"column":8},"end":{"line":170,"column":15}}],"line":133},"10":{"loc":{"start":{"line":179,"column":14},"end":{"line":179,"column":63}},"type":"cond-expr","locations":[{"start":{"line":179,"column":28},"end":{"line":179,"column":44}},{"start":{"line":179,"column":47},"end":{"line":179,"column":63}}],"line":179},"11":{"loc":{"start":{"line":180,"column":14},"end":{"line":180,"column":75}},"type":"cond-expr","locations":[{"start":{"line":180,"column":28},"end":{"line":180,"column":30}},{"start":{"line":180,"column":33},"end":{"line":180,"column":75}}],"line":180},"12":{"loc":{"start":{"line":185,"column":13},"end":{"line":208,"column":13}},"type":"cond-expr","locations":[{"start":{"line":186,"column":14},"end":{"line":197,"column":26}},{"start":{"line":199,"column":14},"end":{"line":207,"column":21}}],"line":185},"13":{"loc":{"start":{"line":214,"column":7},"end":{"line":238,"column":7}},"type":"cond-expr","locations":[{"start":{"line":215,"column":8},"end":{"line":227,"column":20}},{"start":{"line":229,"column":8},"end":{"line":237,"column":15}}],"line":214}},"s":{"0":0,"1":0,"2":0,"3":0,"4":0,"5":0,"6":0,"7":0,"8":0,"9":0,"10":0,"11":0,"12":0,"13":0,"14":0,"15":0,"16":0},"f":{"0":0,"1":0},"b":{"0":[0,0,0],"1":[0,0],"2":[0,0],"3":[0,0],"4":[0,0],"5":[0,0],"6":[0,0],"7":[0,0],"8":[0,0],"9":[0,0],"10":[0,0],"11":[0,0],"12":[0,0],"13":[0,0]}}
,"/Users/mvneves/dev/MOBILE/weather-suncreen-app/app/(tabs)/(messages)/_layout.tsx": {"path":"/Users/mvneves/dev/MOBILE/weather-suncreen-app/app/(tabs)/(messages)/_layout.tsx","statementMap":{"0":{"start":{"line":11,"column":17},"end":{"line":11,"column":28}},"1":{"start":{"line":12,"column":16},"end":{"line":12,"column":32}},"2":{"start":{"line":14,"column":2},"end":{"line":38,"column":4}}},"fnMap":{"0":{"name":"MessagesStackLayout","decl":{"start":{"line":10,"column":24},"end":{"line":10,"column":43}},"loc":{"start":{"line":10,"column":46},"end":{"line":39,"column":1}},"line":10}},"branchMap":{},"s":{"0":0,"1":0,"2":0},"f":{"0":0},"b":{}}
,"/Users/mvneves/dev/MOBILE/weather-suncreen-app/app/(tabs)/(messages)/detail.tsx": {"path":"/Users/mvneves/dev/MOBILE/weather-suncreen-app/app/(tabs)/(messages)/detail.tsx","statementMap":{"0":{"start":{"line":19,"column":17},"end":{"line":19,"column":55}},"1":{"start":{"line":20,"column":16},"end":{"line":20,"column":32}},"2":{"start":{"line":21,"column":17},"end":{"line":21,"column":28}},"3":{"start":{"line":27,"column":6},"end":{"line":27,"column":19}},"4":{"start":{"line":30,"column":18},"end":{"line":32,"column":20}},"5":{"start":{"line":31,"column":4},"end":{"line":31,"column":43}},"6":{"start":{"line":31,"column":30},"end":{"line":31,"column":41}},"7":{"start":{"line":35,"column":22},"end":{"line":37,"column":14}},"8":{"start":{"line":36,"column":4},"end":{"line":36,"column":18}},"9":{"start":{"line":40,"column":27},"end":{"line":44,"column":27}},"10":{"start":{"line":41,"column":4},"end":{"line":43,"column":5}},"11":{"start":{"line":42,"column":6},"end":{"line":42,"column":37}},"12":{"start":{"line":47,"column":23},"end":{"line":52,"column":38}},"13":{"start":{"line":48,"column":4},"end":{"line":51,"column":5}},"14":{"start":{"line":49,"column":6},"end":{"line":49,"column":38}},"15":{"start":{"line":50,"column":6},"end":{"line":50,"column":20}},"16":{"start":{"line":55,"column":22},"end":{"line":66,"column":15}},"17":{"start":{"line":56,"column":4},"end":{"line":65,"column":5}},"18":{"start":{"line":57,"column":6},"end":{"line":64,"column":7}},"19":{"start":{"line":58,"column":8},"end":{"line":61,"column":11}},"20":{"start":{"line":69,"column":2},"end":{"line":84,"column":3}},"21":{"start":{"line":70,"column":4},"end":{"line":83,"column":6}},"22":{"start":{"line":86,"column":2},"end":{"line":94,"column":4}}},"fnMap":{"0":{"name":"MessageDetailScreen","decl":{"start":{"line":18,"column":24},"end":{"line":18,"column":43}},"loc":{"start":{"line":18,"column":46},"end":{"line":95,"column":1}},"line":18},"1":{"name":"(anonymous_1)","decl":{"start":{"line":30,"column":26},"end":{"line":30,"column":27}},"loc":{"start":{"line":30,"column":32},"end":{"line":32,"column":3}},"line":30},"2":{"name":"(anonymous_2)","decl":{"start":{"line":31,"column":25},"end":{"line":31,"column":26}},"loc":{"start":{"line":31,"column":30},"end":{"line":31,"column":41}},"line":31},"3":{"name":"(anonymous_3)","decl":{"start":{"line":35,"column":34},"end":{"line":35,"column":35}},"loc":{"start":{"line":35,"column":40},"end":{"line":37,"column":3}},"line":35},"4":{"name":"(anonymous_4)","decl":{"start":{"line":40,"column":39},"end":{"line":40,"column":40}},"loc":{"start":{"line":40,"column":51},"end":{"line":44,"column":3}},"line":40},"5":{"name":"(anonymous_5)","decl":{"start":{"line":47,"column":35},"end":{"line":47,"column":36}},"loc":{"start":{"line":47,"column":47},"end":{"line":52,"column":3}},"line":47},"6":{"name":"(anonymous_6)","decl":{"start":{"line":55,"column":34},"end":{"line":55,"column":35}},"loc":{"start":{"line":55,"column":46},"end":{"line":66,"column":3}},"line":55}},"branchMap":{"0":{"loc":{"start":{"line":41,"column":4},"end":{"line":43,"column":5}},"type":"if","locations":[{"start":{"line":41,"column":4},"end":{"line":43,"column":5}},{"start":{},"end":{}}],"line":41},"1":{"loc":{"start":{"line":41,"column":8},"end":{"line":41,"column":34}},"type":"binary-expr","locations":[{"start":{"line":41,"column":8},"end":{"line":41,"column":15}},{"start":{"line":41,"column":19},"end":{"line":41,"column":34}}],"line":41},"2":{"loc":{"start":{"line":48,"column":4},"end":{"line":51,"column":5}},"type":"if","locations":[{"start":{"line":48,"column":4},"end":{"line":51,"column":5}},{"start":{},"end":{}}],"line":48},"3":{"loc":{"start":{"line":56,"column":4},"end":{"line":65,"column":5}},"type":"if","locations":[{"start":{"line":56,"column":4},"end":{"line":65,"column":5}},{"start":{},"end":{}}],"line":56},"4":{"loc":{"start":{"line":69,"column":2},"end":{"line":84,"column":3}},"type":"if","locations":[{"start":{"line":69,"column":2},"end":{"line":84,"column":3}},{"start":{},"end":{}}],"line":69}},"s":{"0":0,"1":0,"2":0,"3":0,"4":0,"5":0,"6":0,"7":0,"8":0,"9":0,"10":0,"11":0,"12":0,"13":0,"14":0,"15":0,"16":0,"17":0,"18":0,"19":0,"20":0,"21":0,"22":0},"f":{"0":0,"1":0,"2":0,"3":0,"4":0,"5":0,"6":0},"b":{"0":[0,0],"1":[0,0],"2":[0,0],"3":[0,0],"4":[0,0]}}
,"/Users/mvneves/dev/MOBILE/weather-suncreen-app/app/(tabs)/(messages)/index.tsx": {"path":"/Users/mvneves/dev/MOBILE/weather-suncreen-app/app/(tabs)/(messages)/index.tsx","statementMap":{"0":{"start":{"line":27,"column":17},"end":{"line":27,"column":28}},"1":{"start":{"line":28,"column":26},"end":{"line":28,"column":48}},"2":{"start":{"line":29,"column":16},"end":{"line":29,"column":32}},"3":{"start":{"line":30,"column":17},"end":{"line":30,"column":28}},"4":{"start":{"line":47,"column":6},"end":{"line":47,"column":19}},"5":{"start":{"line":49,"column":26},"end":{"line":49,"column":39}},"6":{"start":{"line":52,"column":42},"end":{"line":52,"column":69}},"7":{"start":{"line":53,"column":40},"end":{"line":53,"column":62}},"8":{"start":{"line":54,"column":48},"end":{"line":54,"column":63}},"9":{"start":{"line":55,"column":40},"end":{"line":55,"column":55}},"10":{"start":{"line":58,"column":27},"end":{"line":104,"column":30}},"11":{"start":{"line":59,"column":4},"end":{"line":61,"column":5}},"12":{"start":{"line":60,"column":6},"end":{"line":60,"column":22}},"13":{"start":{"line":63,"column":4},"end":{"line":103,"column":7}},"14":{"start":{"line":65,"column":6},"end":{"line":69,"column":7}},"15":{"start":{"line":66,"column":8},"end":{"line":68,"column":9}},"16":{"start":{"line":67,"column":10},"end":{"line":67,"column":23}},"17":{"start":{"line":72,"column":6},"end":{"line":76,"column":7}},"18":{"start":{"line":73,"column":8},"end":{"line":75,"column":9}},"19":{"start":{"line":74,"column":10},"end":{"line":74,"column":23}},"20":{"start":{"line":79,"column":6},"end":{"line":83,"column":7}},"21":{"start":{"line":80,"column":8},"end":{"line":82,"column":9}},"22":{"start":{"line":81,"column":10},"end":{"line":81,"column":23}},"23":{"start":{"line":86,"column":6},"end":{"line":91,"column":7}},"24":{"start":{"line":87,"column":8},"end":{"line":90,"column":9}},"25":{"start":{"line":89,"column":10},"end":{"line":89,"column":23}},"26":{"start":{"line":94,"column":6},"end":{"line":100,"column":7}},"27":{"start":{"line":95,"column":28},"end":{"line":95,"column":65}},"28":{"start":{"line":96,"column":8},"end":{"line":99,"column":9}},"29":{"start":{"line":98,"column":10},"end":{"line":98,"column":23}},"30":{"start":{"line":102,"column":6},"end":{"line":102,"column":18}},"31":{"start":{"line":107,"column":29},"end":{"line":109,"column":14}},"32":{"start":{"line":108,"column":4},"end":{"line":108,"column":62}},"33":{"start":{"line":112,"column":24},"end":{"line":114,"column":23}},"34":{"start":{"line":113,"column":4},"end":{"line":113,"column":28}},"35":{"start":{"line":117,"column":27},"end":{"line":119,"column":18}},"36":{"start":{"line":118,"column":4},"end":{"line":118,"column":27}},"37":{"start":{"line":122,"column":30},"end":{"line":124,"column":21}},"38":{"start":{"line":123,"column":4},"end":{"line":123,"column":28}},"39":{"start":{"line":127,"column":30},"end":{"line":129,"column":46}},"40":{"start":{"line":128,"column":4},"end":{"line":128,"column":54}},"41":{"start":{"line":132,"column":26},"end":{"line":135,"column":49}},"42":{"start":{"line":133,"column":21},"end":{"line":133,"column":49}},"43":{"start":{"line":134,"column":4},"end":{"line":134,"column":37}},"44":{"start":{"line":138,"column":29},"end":{"line":147,"column":8}},"45":{"start":{"line":139,"column":4},"end":{"line":146,"column":5}},"46":{"start":{"line":140,"column":6},"end":{"line":143,"column":9}},"47":{"start":{"line":150,"column":29},"end":{"line":152,"column":8}},"48":{"start":{"line":151,"column":4},"end":{"line":151,"column":28}},"49":{"start":{"line":155,"column":36},"end":{"line":158,"column":23}},"50":{"start":{"line":156,"column":4},"end":{"line":156,"column":41}},"51":{"start":{"line":157,"column":4},"end":{"line":157,"column":23}},"52":{"start":{"line":161,"column":33},"end":{"line":169,"column":8}},"53":{"start":{"line":162,"column":4},"end":{"line":168,"column":7}},"54":{"start":{"line":163,"column":6},"end":{"line":167,"column":7}},"55":{"start":{"line":164,"column":8},"end":{"line":164,"column":51}},"56":{"start":{"line":164,"column":33},"end":{"line":164,"column":49}},"57":{"start":{"line":166,"column":8},"end":{"line":166,"column":36}},"58":{"start":{"line":172,"column":32},"end":{"line":176,"column":31}},"59":{"start":{"line":173,"column":4},"end":{"line":173,"column":34}},"60":{"start":{"line":174,"column":4},"end":{"line":174,"column":23}},"61":{"start":{"line":175,"column":4},"end":{"line":175,"column":30}},"62":{"start":{"line":179,"column":28},"end":{"line":190,"column":35}},"63":{"start":{"line":180,"column":4},"end":{"line":187,"column":6}},"64":{"start":{"line":185,"column":63},"end":{"line":185,"column":90}},"65":{"start":{"line":188,"column":4},"end":{"line":188,"column":23}},"66":{"start":{"line":189,"column":4},"end":{"line":189,"column":30}},"67":{"start":{"line":193,"column":35},"end":{"line":203,"column":63}},"68":{"start":{"line":194,"column":4},"end":{"line":202,"column":5}},"69":{"start":{"line":195,"column":6},"end":{"line":195,"column":44}},"70":{"start":{"line":196,"column":6},"end":{"line":196,"column":39}},"71":{"start":{"line":198,"column":6},"end":{"line":201,"column":8}},"72":{"start":{"line":206,"column":2},"end":{"line":211,"column":20}},"73":{"start":{"line":207,"column":4},"end":{"line":210,"column":5}},"74":{"start":{"line":213,"column":2},"end":{"line":462,"column":4}},"75":{"start":{"line":231,"column":33},"end":{"line":231,"column":61}},"76":{"start":{"line":273,"column":31},"end":{"line":273,"column":59}},"77":{"start":{"line":465,"column":15},"end":{"line":575,"column":2}}},"fnMap":{"0":{"name":"MessagesScreen","decl":{"start":{"line":26,"column":24},"end":{"line":26,"column":38}},"loc":{"start":{"line":26,"column":41},"end":{"line":463,"column":1}},"line":26},"1":{"name":"(anonymous_1)","decl":{"start":{"line":58,"column":35},"end":{"line":58,"column":36}},"loc":{"start":{"line":58,"column":41},"end":{"line":104,"column":3}},"line":58},"2":{"name":"(anonymous_2)","decl":{"start":{"line":63,"column":27},"end":{"line":63,"column":28}},"loc":{"start":{"line":63,"column":38},"end":{"line":103,"column":5}},"line":63},"3":{"name":"(anonymous_3)","decl":{"start":{"line":107,"column":41},"end":{"line":107,"column":42}},"loc":{"start":{"line":107,"column":63},"end":{"line":109,"column":3}},"line":107},"4":{"name":"(anonymous_4)","decl":{"start":{"line":112,"column":36},"end":{"line":112,"column":37}},"loc":{"start":{"line":112,"column":48},"end":{"line":114,"column":3}},"line":112},"5":{"name":"(anonymous_5)","decl":{"start":{"line":117,"column":39},"end":{"line":117,"column":40}},"loc":{"start":{"line":117,"column":61},"end":{"line":119,"column":3}},"line":117},"6":{"name":"(anonymous_6)","decl":{"start":{"line":122,"column":42},"end":{"line":122,"column":43}},"loc":{"start":{"line":122,"column":64},"end":{"line":124,"column":3}},"line":122},"7":{"name":"(anonymous_7)","decl":{"start":{"line":127,"column":42},"end":{"line":127,"column":43}},"loc":{"start":{"line":127,"column":54},"end":{"line":129,"column":3}},"line":127},"8":{"name":"(anonymous_8)","decl":{"start":{"line":132,"column":38},"end":{"line":132,"column":39}},"loc":{"start":{"line":132,"column":50},"end":{"line":135,"column":3}},"line":132},"9":{"name":"(anonymous_9)","decl":{"start":{"line":138,"column":41},"end":{"line":138,"column":42}},"loc":{"start":{"line":138,"column":69},"end":{"line":147,"column":3}},"line":138},"10":{"name":"(anonymous_10)","decl":{"start":{"line":150,"column":41},"end":{"line":150,"column":42}},"loc":{"start":{"line":150,"column":68},"end":{"line":152,"column":3}},"line":150},"11":{"name":"(anonymous_11)","decl":{"start":{"line":155,"column":48},"end":{"line":155,"column":49}},"loc":{"start":{"line":155,"column":54},"end":{"line":158,"column":3}},"line":155},"12":{"name":"(anonymous_12)","decl":{"start":{"line":161,"column":45},"end":{"line":161,"column":46}},"loc":{"start":{"line":161,"column":68},"end":{"line":169,"column":3}},"line":161},"13":{"name":"(anonymous_13)","decl":{"start":{"line":162,"column":19},"end":{"line":162,"column":20}},"loc":{"start":{"line":162,"column":27},"end":{"line":168,"column":5}},"line":162},"14":{"name":"(anonymous_14)","decl":{"start":{"line":164,"column":27},"end":{"line":164,"column":28}},"loc":{"start":{"line":164,"column":33},"end":{"line":164,"column":49}},"line":164},"15":{"name":"(anonymous_15)","decl":{"start":{"line":172,"column":44},"end":{"line":172,"column":45}},"loc":{"start":{"line":172,"column":56},"end":{"line":176,"column":3}},"line":172},"16":{"name":"(anonymous_16)","decl":{"start":{"line":179,"column":40},"end":{"line":179,"column":41}},"loc":{"start":{"line":179,"column":52},"end":{"line":190,"column":3}},"line":179},"17":{"name":"(anonymous_17)","decl":{"start":{"line":185,"column":57},"end":{"line":185,"column":58}},"loc":{"start":{"line":185,"column":63},"end":{"line":185,"column":90}},"line":185},"18":{"name":"(anonymous_18)","decl":{"start":{"line":193,"column":47},"end":{"line":193,"column":48}},"loc":{"start":{"line":193,"column":59},"end":{"line":203,"column":3}},"line":193},"19":{"name":"(anonymous_19)","decl":{"start":{"line":206,"column":12},"end":{"line":206,"column":13}},"loc":{"start":{"line":206,"column":18},"end":{"line":211,"column":3}},"line":206},"20":{"name":"(anonymous_20)","decl":{"start":{"line":231,"column":27},"end":{"line":231,"column":28}},"loc":{"start":{"line":231,"column":33},"end":{"line":231,"column":61}},"line":231},"21":{"name":"(anonymous_21)","decl":{"start":{"line":273,"column":25},"end":{"line":273,"column":26}},"loc":{"start":{"line":273,"column":31},"end":{"line":273,"column":59}},"line":273}},"branchMap":{"0":{"loc":{"start":{"line":59,"column":4},"end":{"line":61,"column":5}},"type":"if","locations":[{"start":{"line":59,"column":4},"end":{"line":61,"column":5}},{"start":{},"end":{}}],"line":59},"1":{"loc":{"start":{"line":59,"column":8},"end":{"line":59,"column":63}},"type":"binary-expr","locations":[{"start":{"line":59,"column":8},"end":{"line":59,"column":21}},{"start":{"line":59,"column":25},"end":{"line":59,"column":63}}],"line":59},"2":{"loc":{"start":{"line":65,"column":6},"end":{"line":69,"column":7}},"type":"if","locations":[{"start":{"line":65,"column":6},"end":{"line":69,"column":7}},{"start":{},"end":{}}],"line":65},"3":{"loc":{"start":{"line":65,"column":10},"end":{"line":65,"column":71}},"type":"binary-expr","locations":[{"start":{"line":65,"column":10},"end":{"line":65,"column":33}},{"start":{"line":65,"column":37},"end":{"line":65,"column":71}}],"line":65},"4":{"loc":{"start":{"line":66,"column":8},"end":{"line":68,"column":9}},"type":"if","locations":[{"start":{"line":66,"column":8},"end":{"line":68,"column":9}},{"start":{},"end":{}}],"line":66},"5":{"loc":{"start":{"line":72,"column":6},"end":{"line":76,"column":7}},"type":"if","locations":[{"start":{"line":72,"column":6},"end":{"line":76,"column":7}},{"start":{},"end":{}}],"line":72},"6":{"loc":{"start":{"line":72,"column":10},"end":{"line":72,"column":67}},"type":"binary-expr","locations":[{"start":{"line":72,"column":10},"end":{"line":72,"column":31}},{"start":{"line":72,"column":35},"end":{"line":72,"column":67}}],"line":72},"7":{"loc":{"start":{"line":73,"column":8},"end":{"line":75,"column":9}},"type":"if","locations":[{"start":{"line":73,"column":8},"end":{"line":75,"column":9}},{"start":{},"end":{}}],"line":73},"8":{"loc":{"start":{"line":79,"column":6},"end":{"line":83,"column":7}},"type":"if","locations":[{"start":{"line":79,"column":6},"end":{"line":83,"column":7}},{"start":{},"end":{}}],"line":79},"9":{"loc":{"start":{"line":80,"column":8},"end":{"line":82,"column":9}},"type":"if","locations":[{"start":{"line":80,"column":8},"end":{"line":82,"column":9}},{"start":{},"end":{}}],"line":80},"10":{"loc":{"start":{"line":86,"column":6},"end":{"line":91,"column":7}},"type":"if","locations":[{"start":{"line":86,"column":6},"end":{"line":91,"column":7}},{"start":{},"end":{}}],"line":86},"11":{"loc":{"start":{"line":87,"column":8},"end":{"line":90,"column":9}},"type":"if","locations":[{"start":{"line":87,"column":8},"end":{"line":90,"column":9}},{"start":{},"end":{}}],"line":87},"12":{"loc":{"start":{"line":87,"column":12},"end":{"line":88,"column":58}},"type":"binary-expr","locations":[{"start":{"line":87,"column":12},"end":{"line":87,"column":60}},{"start":{"line":88,"column":12},"end":{"line":88,"column":58}}],"line":87},"13":{"loc":{"start":{"line":94,"column":6},"end":{"line":100,"column":7}},"type":"if","locations":[{"start":{"line":94,"column":6},"end":{"line":100,"column":7}},{"start":{},"end":{}}],"line":94},"14":{"loc":{"start":{"line":96,"column":8},"end":{"line":99,"column":9}},"type":"if","locations":[{"start":{"line":96,"column":8},"end":{"line":99,"column":9}},{"start":{},"end":{}}],"line":96},"15":{"loc":{"start":{"line":96,"column":12},"end":{"line":97,"column":61}},"type":"binary-expr","locations":[{"start":{"line":96,"column":12},"end":{"line":96,"column":62}},{"start":{"line":97,"column":12},"end":{"line":97,"column":61}}],"line":96},"16":{"loc":{"start":{"line":163,"column":6},"end":{"line":167,"column":7}},"type":"if","locations":[{"start":{"line":163,"column":6},"end":{"line":167,"column":7}},{"start":{"line":165,"column":13},"end":{"line":167,"column":7}}],"line":163},"17":{"loc":{"start":{"line":207,"column":4},"end":{"line":210,"column":5}},"type":"if","locations":[{"start":{"line":207,"column":4},"end":{"line":210,"column":5}},{"start":{},"end":{}}],"line":207},"18":{"loc":{"start":{"line":207,"column":8},"end":{"line":207,"column":95}},"type":"binary-expr","locations":[{"start":{"line":207,"column":8},"end":{"line":207,"column":40}},{"start":{"line":207,"column":44},"end":{"line":207,"column":65}},{"start":{"line":207,"column":69},"end":{"line":207,"column":95}}],"line":207},"19":{"loc":{"start":{"line":216,"column":7},"end":{"line":303,"column":7}},"type":"cond-expr","locations":[{"start":{"line":217,"column":8},"end":{"line":263,"column":20}},{"start":{"line":265,"column":8},"end":{"line":302,"column":15}}],"line":216},"20":{"loc":{"start":{"line":233,"column":38},"end":{"line":233,"column":137}},"type":"cond-expr","locations":[{"start":{"line":233,"column":52},"end":{"line":233,"column":93}},{"start":{"line":233,"column":96},"end":{"line":233,"column":137}}],"line":233},"21":{"loc":{"start":{"line":236,"column":21},"end":{"line":236,"column":111}},"type":"cond-expr","locations":[{"start":{"line":236,"column":35},"end":{"line":236,"column":76}},{"start":{"line":236,"column":79},"end":{"line":236,"column":111}}],"line":236},"22":{"loc":{"start":{"line":241,"column":17},"end":{"line":252,"column":17}},"type":"binary-expr","locations":[{"start":{"line":241,"column":17},"end":{"line":241,"column":33}},{"start":{"line":242,"column":18},"end":{"line":251,"column":37}}],"line":241},"23":{"loc":{"start":{"line":275,"column":36},"end":{"line":275,"column":135}},"type":"cond-expr","locations":[{"start":{"line":275,"column":50},"end":{"line":275,"column":91}},{"start":{"line":275,"column":94},"end":{"line":275,"column":135}}],"line":275},"24":{"loc":{"start":{"line":278,"column":19},"end":{"line":278,"column":109}},"type":"cond-expr","locations":[{"start":{"line":278,"column":33},"end":{"line":278,"column":74}},{"start":{"line":278,"column":77},"end":{"line":278,"column":109}}],"line":278},"25":{"loc":{"start":{"line":282,"column":15},"end":{"line":293,"column":15}},"type":"binary-expr","locations":[{"start":{"line":282,"column":15},"end":{"line":282,"column":31}},{"start":{"line":283,"column":16},"end":{"line":292,"column":35}}],"line":282},"26":{"loc":{"start":{"line":306,"column":7},"end":{"line":312,"column":7}},"type":"binary-expr","locations":[{"start":{"line":306,"column":7},"end":{"line":306,"column":18}},{"start":{"line":306,"column":22},"end":{"line":306,"column":27}},{"start":{"line":307,"column":8},"end":{"line":311,"column":10}}],"line":306},"27":{"loc":{"start":{"line":315,"column":7},"end":{"line":409,"column":7}},"type":"binary-expr","locations":[{"start":{"line":315,"column":7},"end":{"line":315,"column":22}},{"start":{"line":316,"column":8},"end":{"line":408,"column":9}}],"line":315},"28":{"loc":{"start":{"line":316,"column":8},"end":{"line":408,"column":9}},"type":"cond-expr","locations":[{"start":{"line":317,"column":10},"end":{"line":363,"column":22}},{"start":{"line":365,"column":10},"end":{"line":407,"column":17}}],"line":316},"29":{"loc":{"start":{"line":335,"column":15},"end":{"line":361,"column":15}},"type":"binary-expr","locations":[{"start":{"line":335,"column":15},"end":{"line":335,"column":37}},{"start":{"line":336,"column":16},"end":{"line":360,"column":19}}],"line":335},"30":{"loc":{"start":{"line":380,"column":13},"end":{"line":406,"column":13}},"type":"binary-expr","locations":[{"start":{"line":380,"column":13},"end":{"line":380,"column":35}},{"start":{"line":381,"column":14},"end":{"line":405,"column":17}}],"line":380},"31":{"loc":{"start":{"line":412,"column":7},"end":{"line":432,"column":7}},"type":"binary-expr","locations":[{"start":{"line":412,"column":7},"end":{"line":412,"column":23}},{"start":{"line":413,"column":8},"end":{"line":431,"column":17}}],"line":412},"32":{"loc":{"start":{"line":414,"column":11},"end":{"line":422,"column":11}},"type":"binary-expr","locations":[{"start":{"line":414,"column":11},"end":{"line":414,"column":26}},{"start":{"line":415,"column":12},"end":{"line":421,"column":14}}],"line":414},"33":{"loc":{"start":{"line":448,"column":7},"end":{"line":460,"column":7}},"type":"binary-expr","locations":[{"start":{"line":448,"column":7},"end":{"line":448,"column":39}},{"start":{"line":448,"column":43},"end":{"line":448,"column":64}},{"start":{"line":448,"column":68},"end":{"line":448,"column":94}},{"start":{"line":449,"column":8},"end":{"line":459,"column":15}}],"line":448}},"s":{"0":0,"1":0,"2":0,"3":0,"4":0,"5":0,"6":0,"7":0,"8":0,"9":0,"10":0,"11":0,"12":0,"13":0,"14":0,"15":0,"16":0,"17":0,"18":0,"19":0,"20":0,"21":0,"22":0,"23":0,"24":0,"25":0,"26":0,"27":0,"28":0,"29":0,"30":0,"31":0,"32":0,"33":0,"34":0,"35":0,"36":0,"37":0,"38":0,"39":0,"40":0,"41":0,"42":0,"43":0,"44":0,"45":0,"46":0,"47":0,"48":0,"49":0,"50":0,"51":0,"52":0,"53":0,"54":0,"55":0,"56":0,"57":0,"58":0,"59":0,"60":0,"61":0,"62":0,"63":0,"64":0,"65":0,"66":0,"67":0,"68":0,"69":0,"70":0,"71":0,"72":0,"73":0,"74":0,"75":0,"76":0,"77":0},"f":{"0":0,"1":0,"2":0,"3":0,"4":0,"5":0,"6":0,"7":0,"8":0,"9":0,"10":0,"11":0,"12":0,"13":0,"14":0,"15":0,"16":0,"17":0,"18":0,"19":0,"20":0,"21":0},"b":{"0":[0,0],"1":[0,0],"2":[0,0],"3":[0,0],"4":[0,0],"5":[0,0],"6":[0,0],"7":[0,0],"8":[0,0],"9":[0,0],"10":[0,0],"11":[0,0],"12":[0,0],"13":[0,0],"14":[0,0],"15":[0,0],"16":[0,0],"17":[0,0],"18":[0,0,0],"19":[0,0],"20":[0,0],"21":[0,0],"22":[0,0],"23":[0,0],"24":[0,0],"25":[0,0],"26":[0,0,0],"27":[0,0],"28":[0,0],"29":[0,0],"30":[0,0],"31":[0,0],"32":[0,0],"33":[0,0,0,0]}}
,"/Users/mvneves/dev/MOBILE/weather-suncreen-app/app/(tabs)/(styles)/_layout.tsx": {"path":"/Users/mvneves/dev/MOBILE/weather-suncreen-app/app/(tabs)/(styles)/_layout.tsx","statementMap":{"0":{"start":{"line":11,"column":17},"end":{"line":11,"column":28}},"1":{"start":{"line":12,"column":16},"end":{"line":12,"column":32}},"2":{"start":{"line":14,"column":2},"end":{"line":37,"column":4}}},"fnMap":{"0":{"name":"StylesStackLayout","decl":{"start":{"line":10,"column":24},"end":{"line":10,"column":41}},"loc":{"start":{"line":10,"column":44},"end":{"line":38,"column":1}},"line":10}},"branchMap":{},"s":{"0":0,"1":0,"2":0},"f":{"0":0},"b":{}}
,"/Users/mvneves/dev/MOBILE/weather-suncreen-app/app/(tabs)/(styles)/index.tsx": {"path":"/Users/mvneves/dev/MOBILE/weather-suncreen-app/app/(tabs)/(styles)/index.tsx","statementMap":{"0":{"start":{"line":5,"column":2},"end":{"line":5,"column":28}}},"fnMap":{"0":{"name":"StylesTabIndex","decl":{"start":{"line":4,"column":24},"end":{"line":4,"column":38}},"loc":{"start":{"line":4,"column":41},"end":{"line":6,"column":1}},"line":4}},"branchMap":{},"s":{"0":0},"f":{"0":0},"b":{}}
,"/Users/mvneves/dev/MOBILE/weather-suncreen-app/app/(tabs)/(styles)/settings.tsx": {"path":"/Users/mvneves/dev/MOBILE/weather-suncreen-app/app/(tabs)/(styles)/settings.tsx","statementMap":{"0":{"start":{"line":23,"column":17},"end":{"line":23,"column":28}},"1":{"start":{"line":24,"column":26},"end":{"line":24,"column":48}},"2":{"start":{"line":25,"column":69},"end":{"line":25,"column":79}},"3":{"start":{"line":26,"column":62},"end":{"line":26,"column":75}},"4":{"start":{"line":27,"column":22},"end":{"line":27,"column":38}},"5":{"start":{"line":29,"column":22},"end":{"line":45,"column":27}},"6":{"start":{"line":30,"column":4},"end":{"line":44,"column":6}},"7":{"start":{"line":47,"column":31},"end":{"line":50,"column":30}},"8":{"start":{"line":48,"column":4},"end":{"line":48,"column":45}},"9":{"start":{"line":49,"column":4},"end":{"line":49,"column":32}},"10":{"start":{"line":52,"column":26},"end":{"line":56,"column":38}},"11":{"start":{"line":59,"column":22},"end":{"line":91,"column":3}},"12":{"start":{"line":72,"column":4},"end":{"line":90,"column":23}},"13":{"start":{"line":94,"column":25},"end":{"line":128,"column":3}},"14":{"start":{"line":103,"column":4},"end":{"line":127,"column":5}},"15":{"start":{"line":130,"column":2},"end":{"line":336,"column":4}},"16":{"start":{"line":150,"column":26},"end":{"line":150,"column":62}},"17":{"start":{"line":151,"column":33},"end":{"line":151,"column":57}},"18":{"start":{"line":152,"column":29},"end":{"line":152,"column":69}},"19":{"start":{"line":153,"column":12},"end":{"line":153,"column":35}},"20":{"start":{"line":181,"column":25},"end":{"line":181,"column":51}},"21":{"start":{"line":193,"column":25},"end":{"line":193,"column":54}},"22":{"start":{"line":211,"column":25},"end":{"line":214,"column":11}},"23":{"start":{"line":227,"column":26},"end":{"line":227,"column":55}},"24":{"start":{"line":228,"column":33},"end":{"line":228,"column":69}},"25":{"start":{"line":229,"column":29},"end":{"line":229,"column":69}},"26":{"start":{"line":230,"column":12},"end":{"line":230,"column":52}},"27":{"start":{"line":244,"column":26},"end":{"line":244,"column":58}},"28":{"start":{"line":245,"column":33},"end":{"line":245,"column":72}},"29":{"start":{"line":246,"column":29},"end":{"line":246,"column":69}},"30":{"start":{"line":247,"column":12},"end":{"line":247,"column":55}},"31":{"start":{"line":258,"column":28},"end":{"line":258,"column":61}},"32":{"start":{"line":259,"column":33},"end":{"line":259,"column":84}},"33":{"start":{"line":260,"column":31},"end":{"line":260,"column":75}},"34":{"start":{"line":261,"column":12},"end":{"line":261,"column":60}},"35":{"start":{"line":274,"column":30},"end":{"line":274,"column":64}},"36":{"start":{"line":291,"column":40},"end":{"line":291,"column":87}},"37":{"start":{"line":307,"column":40},"end":{"line":307,"column":75}},"38":{"start":{"line":339,"column":15},"end":{"line":394,"column":2}}},"fnMap":{"0":{"name":"SettingsScreen","decl":{"start":{"line":22,"column":24},"end":{"line":22,"column":38}},"loc":{"start":{"line":22,"column":41},"end":{"line":337,"column":1}},"line":22},"1":{"name":"(anonymous_1)","decl":{"start":{"line":29,"column":34},"end":{"line":29,"column":35}},"loc":{"start":{"line":29,"column":40},"end":{"line":45,"column":3}},"line":29},"2":{"name":"(anonymous_2)","decl":{"start":{"line":47,"column":43},"end":{"line":47,"column":44}},"loc":{"start":{"line":47,"column":77},"end":{"line":50,"column":3}},"line":47},"3":{"name":"(anonymous_3)","decl":{"start":{"line":59,"column":22},"end":{"line":59,"column":23}},"loc":{"start":{"line":72,"column":4},"end":{"line":90,"column":23}},"line":72},"4":{"name":"(anonymous_4)","decl":{"start":{"line":94,"column":25},"end":{"line":94,"column":26}},"loc":{"start":{"line":103,"column":4},"end":{"line":127,"column":5}},"line":103},"5":{"name":"(anonymous_5)","decl":{"start":{"line":149,"column":19},"end":{"line":149,"column":20}},"loc":{"start":{"line":149,"column":25},"end":{"line":154,"column":11}},"line":149},"6":{"name":"(anonymous_6)","decl":{"start":{"line":181,"column":19},"end":{"line":181,"column":20}},"loc":{"start":{"line":181,"column":25},"end":{"line":181,"column":51}},"line":181},"7":{"name":"(anonymous_7)","decl":{"start":{"line":193,"column":19},"end":{"line":193,"column":20}},"loc":{"start":{"line":193,"column":25},"end":{"line":193,"column":54}},"line":193},"8":{"name":"(anonymous_8)","decl":{"start":{"line":211,"column":19},"end":{"line":211,"column":20}},"loc":{"start":{"line":211,"column":25},"end":{"line":214,"column":11}},"line":211},"9":{"name":"(anonymous_9)","decl":{"start":{"line":226,"column":19},"end":{"line":226,"column":20}},"loc":{"start":{"line":226,"column":25},"end":{"line":231,"column":11}},"line":226},"10":{"name":"(anonymous_10)","decl":{"start":{"line":243,"column":19},"end":{"line":243,"column":20}},"loc":{"start":{"line":243,"column":25},"end":{"line":248,"column":11}},"line":243},"11":{"name":"(anonymous_11)","decl":{"start":{"line":257,"column":19},"end":{"line":257,"column":20}},"loc":{"start":{"line":257,"column":25},"end":{"line":262,"column":11}},"line":257},"12":{"name":"(anonymous_12)","decl":{"start":{"line":274,"column":20},"end":{"line":274,"column":21}},"loc":{"start":{"line":274,"column":30},"end":{"line":274,"column":64}},"line":274},"13":{"name":"(anonymous_13)","decl":{"start":{"line":291,"column":29},"end":{"line":291,"column":30}},"loc":{"start":{"line":291,"column":40},"end":{"line":291,"column":87}},"line":291},"14":{"name":"(anonymous_14)","decl":{"start":{"line":307,"column":29},"end":{"line":307,"column":30}},"loc":{"start":{"line":307,"column":40},"end":{"line":307,"column":75}},"line":307}},"branchMap":{"0":{"loc":{"start":{"line":52,"column":26},"end":{"line":56,"column":38}},"type":"cond-expr","locations":[{"start":{"line":53,"column":6},"end":{"line":53,"column":32}},{"start":{"line":54,"column":6},"end":{"line":56,"column":38}}],"line":52},"1":{"loc":{"start":{"line":54,"column":6},"end":{"line":56,"column":38}},"type":"cond-expr","locations":[{"start":{"line":55,"column":8},"end":{"line":55,"column":34}},{"start":{"line":56,"column":8},"end":{"line":56,"column":38}}],"line":54},"2":{"loc":{"start":{"line":76,"column":25},"end":{"line":76,"column":55}},"type":"cond-expr","locations":[{"start":{"line":76,"column":35},"end":{"line":76,"column":43}},{"start":{"line":76,"column":46},"end":{"line":76,"column":55}}],"line":76},"3":{"loc":{"start":{"line":77,"column":26},"end":{"line":77,"column":92}},"type":"binary-expr","locations":[{"start":{"line":77,"column":26},"end":{"line":77,"column":44}},{"start":{"line":77,"column":48},"end":{"line":77,"column":92}}],"line":77},"4":{"loc":{"start":{"line":77,"column":59},"end":{"line":77,"column":90}},"type":"cond-expr","locations":[{"start":{"line":77,"column":70},"end":{"line":77,"column":85}},{"start":{"line":77,"column":88},"end":{"line":77,"column":90}}],"line":77},"5":{"loc":{"start":{"line":83,"column":9},"end":{"line":87,"column":9}},"type":"binary-expr","locations":[{"start":{"line":83,"column":9},"end":{"line":83,"column":17}},{"start":{"line":84,"column":10},"end":{"line":86,"column":17}}],"line":83},"6":{"loc":{"start":{"line":103,"column":4},"end":{"line":127,"column":5}},"type":"cond-expr","locations":[{"start":{"line":104,"column":6},"end":{"line":116,"column":18}},{"start":{"line":118,"column":6},"end":{"line":126,"column":13}}],"line":103},"7":{"loc":{"start":{"line":108,"column":28},"end":{"line":108,"column":55}},"type":"binary-expr","locations":[{"start":{"line":108,"column":28},"end":{"line":108,"column":46}},{"start":{"line":108,"column":50},"end":{"line":108,"column":55}}],"line":108},"8":{"loc":{"start":{"line":120,"column":28},"end":{"line":120,"column":55}},"type":"binary-expr","locations":[{"start":{"line":120,"column":28},"end":{"line":120,"column":46}},{"start":{"line":120,"column":50},"end":{"line":120,"column":55}}],"line":120},"9":{"loc":{"start":{"line":143,"column":20},"end":{"line":147,"column":40}},"type":"cond-expr","locations":[{"start":{"line":144,"column":14},"end":{"line":144,"column":39}},{"start":{"line":145,"column":14},"end":{"line":147,"column":40}}],"line":143},"10":{"loc":{"start":{"line":145,"column":14},"end":{"line":147,"column":40}},"type":"cond-expr","locations":[{"start":{"line":146,"column":16},"end":{"line":146,"column":39}},{"start":{"line":147,"column":16},"end":{"line":147,"column":40}}],"line":145},"11":{"loc":{"start":{"line":167,"column":26},"end":{"line":167,"column":83}},"type":"cond-expr","locations":[{"start":{"line":167,"column":41},"end":{"line":167,"column":57}},{"start":{"line":167,"column":60},"end":{"line":167,"column":83}}],"line":167},"12":{"loc":{"start":{"line":183,"column":12},"end":{"line":185,"column":13}},"type":"binary-expr","locations":[{"start":{"line":183,"column":12},"end":{"line":183,"column":39}},{"start":{"line":184,"column":14},"end":{"line":184,"column":62}}],"line":183},"13":{"loc":{"start":{"line":195,"column":12},"end":{"line":197,"column":13}},"type":"binary-expr","locations":[{"start":{"line":195,"column":12},"end":{"line":195,"column":42}},{"start":{"line":196,"column":14},"end":{"line":196,"column":62}}],"line":195},"14":{"loc":{"start":{"line":210,"column":20},"end":{"line":210,"column":98}},"type":"cond-expr","locations":[{"start":{"line":210,"column":64},"end":{"line":210,"column":78}},{"start":{"line":210,"column":81},"end":{"line":210,"column":98}}],"line":210},"15":{"loc":{"start":{"line":213,"column":12},"end":{"line":213,"column":80}},"type":"cond-expr","locations":[{"start":{"line":213,"column":56},"end":{"line":213,"column":68}},{"start":{"line":213,"column":71},"end":{"line":213,"column":80}}],"line":213},"16":{"loc":{"start":{"line":223,"column":12},"end":{"line":224,"column":59}},"type":"cond-expr","locations":[{"start":{"line":223,"column":46},"end":{"line":223,"column":52}},{"start":{"line":224,"column":12},"end":{"line":224,"column":59}}],"line":223},"17":{"loc":{"start":{"line":224,"column":12},"end":{"line":224,"column":59}},"type":"cond-expr","locations":[{"start":{"line":224,"column":46},"end":{"line":224,"column":51}},{"start":{"line":224,"column":54},"end":{"line":224,"column":59}}],"line":224},"18":{"loc":{"start":{"line":240,"column":12},"end":{"line":241,"column":65}},"type":"cond-expr","locations":[{"start":{"line":240,"column":49},"end":{"line":240,"column":54}},{"start":{"line":241,"column":12},"end":{"line":241,"column":65}}],"line":240},"19":{"loc":{"start":{"line":241,"column":12},"end":{"line":241,"column":65}},"type":"cond-expr","locations":[{"start":{"line":241,"column":50},"end":{"line":241,"column":56}},{"start":{"line":241,"column":59},"end":{"line":241,"column":65}}],"line":241},"20":{"loc":{"start":{"line":259,"column":49},"end":{"line":259,"column":83}},"type":"binary-expr","locations":[{"start":{"line":259,"column":49},"end":{"line":259,"column":71}},{"start":{"line":259,"column":75},"end":{"line":259,"column":83}}],"line":259},"21":{"loc":{"start":{"line":293,"column":26},"end":{"line":293,"column":103}},"type":"cond-expr","locations":[{"start":{"line":293,"column":61},"end":{"line":293,"column":77}},{"start":{"line":293,"column":80},"end":{"line":293,"column":103}}],"line":293},"22":{"loc":{"start":{"line":309,"column":26},"end":{"line":309,"column":91}},"type":"cond-expr","locations":[{"start":{"line":309,"column":49},"end":{"line":309,"column":65}},{"start":{"line":309,"column":68},"end":{"line":309,"column":91}}],"line":309}},"s":{"0":0,"1":0,"2":0,"3":0,"4":0,"5":0,"6":0,"7":0,"8":0,"9":0,"10":0,"11":0,"12":0,"13":0,"14":0,"15":0,"16":0,"17":0,"18":0,"19":0,"20":0,"21":0,"22":0,"23":0,"24":0,"25":0,"26":0,"27":0,"28":0,"29":0,"30":0,"31":0,"32":0,"33":0,"34":0,"35":0,"36":0,"37":0,"38":0},"f":{"0":0,"1":0,"2":0,"3":0,"4":0,"5":0,"6":0,"7":0,"8":0,"9":0,"10":0,"11":0,"12":0,"13":0,"14":0},"b":{"0":[0,0],"1":[0,0],"2":[0,0],"3":[0,0],"4":[0,0],"5":[0,0],"6":[0,0],"7":[0,0],"8":[0,0],"9":[0,0],"10":[0,0],"11":[0,0],"12":[0,0],"13":[0,0],"14":[0,0],"15":[0,0],"16":[0,0],"17":[0,0],"18":[0,0],"19":[0,0],"20":[0,0],"21":[0,0],"22":[0,0]}}
,"/Users/mvneves/dev/MOBILE/weather-suncreen-app/src/components/ErrorBoundary.tsx": {"path":"/Users/mvneves/dev/MOBILE/weather-suncreen-app/src/components/ErrorBoundary.tsx","statementMap":{"0":{"start":{"line":37,"column":4},"end":{"line":37,"column":17}},"1":{"start":{"line":38,"column":4},"end":{"line":42,"column":6}},"2":{"start":{"line":47,"column":4},"end":{"line":47,"column":37}},"3":{"start":{"line":52,"column":4},"end":{"line":55,"column":7}},"4":{"start":{"line":57,"column":4},"end":{"line":60,"column":14}},"5":{"start":{"line":63,"column":4},"end":{"line":63,"column":33}},"6":{"start":{"line":66,"column":4},"end":{"line":68,"column":5}},"7":{"start":{"line":67,"column":6},"end":{"line":67,"column":43}},"8":{"start":{"line":73,"column":31},"end":{"line":73,"column":68}},"9":{"start":{"line":75,"column":4},"end":{"line":77,"column":5}},"10":{"start":{"line":76,"column":6},"end":{"line":76,"column":25}},"11":{"start":{"line":80,"column":16},"end":{"line":86,"column":3}},"12":{"start":{"line":81,"column":4},"end":{"line":85,"column":7}},"13":{"start":{"line":89,"column":4},"end":{"line":122,"column":5}},"14":{"start":{"line":91,"column":6},"end":{"line":93,"column":7}},"15":{"start":{"line":92,"column":8},"end":{"line":92,"column":93}},"16":{"start":{"line":96,"column":6},"end":{"line":121,"column":8}},"17":{"start":{"line":124,"column":4},"end":{"line":124,"column":31}},"18":{"start":{"line":128,"column":15},"end":{"line":191,"column":2}}},"fnMap":{"0":{"name":"(anonymous_0)","decl":{"start":{"line":36,"column":2},"end":{"line":36,"column":3}},"loc":{"start":{"line":36,"column":28},"end":{"line":43,"column":3}},"line":36},"1":{"name":"(anonymous_1)","decl":{"start":{"line":45,"column":2},"end":{"line":45,"column":3}},"loc":{"start":{"line":45,"column":64},"end":{"line":48,"column":3}},"line":45},"2":{"name":"(anonymous_2)","decl":{"start":{"line":50,"column":2},"end":{"line":50,"column":3}},"loc":{"start":{"line":50,"column":56},"end":{"line":69,"column":3}},"line":50},"3":{"name":"(anonymous_3)","decl":{"start":{"line":71,"column":2},"end":{"line":71,"column":3}},"loc":{"start":{"line":71,"column":39},"end":{"line":78,"column":3}},"line":71},"4":{"name":"(anonymous_4)","decl":{"start":{"line":80,"column":16},"end":{"line":80,"column":17}},"loc":{"start":{"line":80,"column":22},"end":{"line":86,"column":3}},"line":80},"5":{"name":"(anonymous_5)","decl":{"start":{"line":88,"column":2},"end":{"line":88,"column":3}},"loc":{"start":{"line":88,"column":11},"end":{"line":125,"column":3}},"line":88}},"branchMap":{"0":{"loc":{"start":{"line":66,"column":4},"end":{"line":68,"column":5}},"type":"if","locations":[{"start":{"line":66,"column":4},"end":{"line":68,"column":5}},{"start":{},"end":{}}],"line":66},"1":{"loc":{"start":{"line":73,"column":31},"end":{"line":73,"column":68}},"type":"binary-expr","locations":[{"start":{"line":73,"column":31},"end":{"line":73,"column":60}},{"start":{"line":73,"column":64},"end":{"line":73,"column":68}}],"line":73},"2":{"loc":{"start":{"line":75,"column":4},"end":{"line":77,"column":5}},"type":"if","locations":[{"start":{"line":75,"column":4},"end":{"line":77,"column":5}},{"start":{},"end":{}}],"line":75},"3":{"loc":{"start":{"line":75,"column":8},"end":{"line":75,"column":95}},"type":"binary-expr","locations":[{"start":{"line":75,"column":8},"end":{"line":75,"column":27}},{"start":{"line":75,"column":31},"end":{"line":75,"column":49}},{"start":{"line":75,"column":53},"end":{"line":75,"column":95}}],"line":75},"4":{"loc":{"start":{"line":89,"column":4},"end":{"line":122,"column":5}},"type":"if","locations":[{"start":{"line":89,"column":4},"end":{"line":122,"column":5}},{"start":{},"end":{}}],"line":89},"5":{"loc":{"start":{"line":89,"column":8},"end":{"line":89,"column":47}},"type":"binary-expr","locations":[{"start":{"line":89,"column":8},"end":{"line":89,"column":27}},{"start":{"line":89,"column":31},"end":{"line":89,"column":47}}],"line":89},"6":{"loc":{"start":{"line":91,"column":6},"end":{"line":93,"column":7}},"type":"if","locations":[{"start":{"line":91,"column":6},"end":{"line":93,"column":7}},{"start":{},"end":{}}],"line":91},"7":{"loc":{"start":{"line":102,"column":13},"end":{"line":109,"column":13}},"type":"binary-expr","locations":[{"start":{"line":102,"column":13},"end":{"line":102,"column":20}},{"start":{"line":102,"column":24},"end":{"line":102,"column":44}},{"start":{"line":103,"column":14},"end":{"line":108,"column":21}}],"line":102}},"s":{"0":0,"1":0,"2":0,"3":0,"4":0,"5":0,"6":0,"7":0,"
[...]
,"20":{"loc":{"start":{"line":190,"column":4},"end":{"line":196,"column":5}},"type":"if","locations":[{"start":{"line":190,"column":4},"end":{"line":196,"column":5}},{"start":{},"end":{}}],"line":190},"21":{"loc":{"start":{"line":199,"column":4},"end":{"line":205,"column":5}},"type":"if","locations":[{"start":{"line":199,"column":4},"end":{"line":205,"column":5}},{"start":{},"end":{}}],"line":199},"22":{"loc":{"start":{"line":203,"column":18},"end":{"line":203,"column":49}},"type":"cond-expr","locations":[{"start":{"line":203,"column":33},"end":{"line":203,"column":41}},{"start":{"line":203,"column":44},"end":{"line":203,"column":49}}],"line":203},"23":{"loc":{"start":{"line":208,"column":4},"end":{"line":214,"column":5}},"type":"if","locations":[{"start":{"line":208,"column":4},"end":{"line":214,"column":5}},{"start":{},"end":{}}],"line":208},"24":{"loc":{"start":{"line":212,"column":18},"end":{"line":212,"column":50}},"type":"cond-expr","locations":[{"start":{"line":212,"column":33},"end":{"line":212,"column":39}},{"start":{"line":212,"column":42},"end":{"line":212,"column":50}}],"line":212},"25":{"loc":{"start":{"line":220,"column":16},"end":{"line":220,"column":80}},"type":"cond-expr","locations":[{"start":{"line":220,"column":63},"end":{"line":220,"column":69}},{"start":{"line":220,"column":72},"end":{"line":220,"column":80}}],"line":220},"26":{"loc":{"start":{"line":220,"column":16},"end":{"line":220,"column":60}},"type":"binary-expr","locations":[{"start":{"line":220,"column":16},"end":{"line":220,"column":35}},{"start":{"line":220,"column":39},"end":{"line":220,"column":60}}],"line":220},"27":{"loc":{"start":{"line":224,"column":4},"end":{"line":230,"column":5}},"type":"if","locations":[{"start":{"line":224,"column":4},"end":{"line":230,"column":5}},{"start":{},"end":{}}],"line":224},"28":{"loc":{"start":{"line":228,"column":18},"end":{"line":228,"column":50}},"type":"cond-expr","locations":[{"start":{"line":228,"column":33},"end":{"line":228,"column":39}},{"start":{"line":228,"column":42},"end":{"line":228,"column":50}}],"line":228},"29":{"loc":{"start":{"line":233,"column":4},"end":{"line":239,"column":5}},"type":"if","locations":[{"start":{"line":233,"column":4},"end":{"line":239,"column":5}},{"start":{},"end":{}}],"line":233},"30":{"loc":{"start":{"line":242,"column":4},"end":{"line":248,"column":5}},"type":"if","locations":[{"start":{"line":242,"column":4},"end":{"line":248,"column":5}},{"start":{},"end":{}}],"line":242},"31":{"loc":{"start":{"line":246,"column":18},"end":{"line":246,"column":49}},"type":"cond-expr","locations":[{"start":{"line":246,"column":33},"end":{"line":246,"column":41}},{"start":{"line":246,"column":44},"end":{"line":246,"column":49}}],"line":246},"32":{"loc":{"start":{"line":251,"column":4},"end":{"line":257,"column":5}},"type":"if","locations":[{"start":{"line":251,"column":4},"end":{"line":257,"column":5}},{"start":{},"end":{}}],"line":251},"33":{"loc":{"start":{"line":255,"column":18},"end":{"line":255,"column":50}},"type":"cond-expr","locations":[{"start":{"line":255,"column":33},"end":{"line":255,"column":39}},{"start":{"line":255,"column":42},"end":{"line":255,"column":50}}],"line":255}},"s":{"0":0,"1":0,"2":0,"3":0,"4":0,"5":0,"6":0,"7":0,"8":0,"9":0,"10":0,"11":0,"12":0,"13":0,"14":0,"15":0,"16":0,"17":0,"18":0,"19":0,"20":0,"21":0,"22":0,"23":0,"24":0,"25":0,"26":0,"27":0,"28":0,"29":0,"30":0,"31":0,"32":0,"33":0,"34":0,"35":0,"36":0,"37":0,"38":0,"39":0,"40":0,"41":0,"42":0,"43":0,"44":0,"45":0,"46":0,"47":0,"48":0,"49":0,"50":0,"51":0,"52":0,"53":0,"54":0},"f":{"0":0,"1":0,"2":0,"3":0,"4":0,"5":0,"6":0,"7":0},"b":{"0":[0,0],"1":[0,0],"2":[0,0],"3":[0,0],"4":[0,0],"5":[0,0],"6":[0,0],"7":[0,0],"8":[0],"9":[0,0],"10":[0,0],"11":[0,0],"12":[0],"13":[0,0],"14":[0],"15":[0,0],"16":[0,0],"17":[0,0],"18":[0,0],"19":[0,0],"20":[0,0],"21":[0,0],"22":[0,0],"23":[0,0],"24":[0,0],"25":[0,0],"26":[0,0],"27":[0,0],"28":[0,0],"29":[0,0],"30":[0,0],"31":[0,0],"32":[0,0],"33":[0,0]}}
,"/Users/mvneves/dev/MOBILE/weather-suncreen-app/src/utils/weather.ts": {"path":"/Users/mvneves/dev/MOBILE/weather-suncreen-app/src/utils/weather.ts","statementMap":{"0":{"start":{"line":12,"column":43},"end":{"line":41,"column":3}},"1":{"start":{"line":43,"column":2},"end":{"line":43,"column":36}},"2":{"start":{"line":51,"column":2},"end":{"line":53,"column":3}},"3":{"start":{"line":52,"column":4},"end":{"line":52,"column":33}},"4":{"start":{"line":56,"column":2},"end":{"line":56,"column":37}},"5":{"start":{"line":63,"column":2},"end":{"line":63,"column":80}},"6":{"start":{"line":70,"column":2},"end":{"line":70,"column":52}},"7":{"start":{"line":77,"column":2},"end":{"line":77,"column":40}},"8":{"start":{"line":84,"column":2},"end":{"line":84,"column":34}},"9":{"start":{"line":91,"column":2},"end":{"line":91,"column":34}},"10":{"start":{"line":102,"column":18},"end":{"line":102,"column":40}},"11":{"start":{"line":104,"column":2},"end":{"line":144,"column":3}},"12":{"start":{"line":105,"column":4},"end":{"line":107,"column":5}},"13":{"start":{"line":106,"column":6},"end":{"line":106,"column":52}},"14":{"start":{"line":109,"column":4},"end":{"line":111,"column":5}},"15":{"start":{"line":110,"column":6},"end":{"line":110,"column":36}},"16":{"start":{"line":113,"column":4},"end":{"line":115,"column":5}},"17":{"start":{"line":114,"column":6},"end":{"line":114,"column":54}},"18":{"start":{"line":117,"column":4},"end":{"line":119,"column":5}},"19":{"start":{"line":118,"column":6},"end":{"line":118,"column":63}},"20":{"start":{"line":121,"column":4},"end":{"line":123,"column":5}},"21":{"start":{"line":122,"column":6},"end":{"line":122,"column":63}},"22":{"start":{"line":125,"column":4},"end":{"line":127,"column":5}},"23":{"start":{"line":126,"column":6},"end":{"line":126,"column":51}},"24":{"start":{"line":129,"column":4},"end":{"line":131,"column":5}},"25":{"start":{"line":130,"column":6},"end":{"line":130,"column":33}},"26":{"start":{"line":133,"column":4},"end":{"line":135,"column":5}},"27":{"start":{"line":134,"column":6},"end":{"line":134,"column":49}},"28":{"start":{"line":137,"column":4},"end":{"line":139,"column":5}},"29":{"start":{"line":138,"column":6},"end":{"line":138,"column":52}},"30":{"start":{"line":141,"column":4},"end":{"line":143,"column":5}},"31":{"start":{"line":142,"column":6},"end":{"line":142,"column":51}},"32":{"start":{"line":146,"column":2},"end":{"line":146,"column":14}},"33":{"start":{"line":153,"column":2},"end":{"line":153,"column":36}},"34":{"start":{"line":160,"column":2},"end":{"line":160,"column":38}},"35":{"start":{"line":167,"column":2},"end":{"line":173,"column":3}},"36":{"start":{"line":168,"column":4},"end":{"line":168,"column":43}},"37":{"start":{"line":168,"column":23},"end":{"line":168,"column":43}},"38":{"start":{"line":169,"column":4},"end":{"line":169,"column":37}},"39":{"start":{"line":169,"column":23},"end":{"line":169,"column":37}},"40":{"start":{"line":170,"column":4},"end":{"line":170,"column":44}},"41":{"start":{"line":170,"column":23},"end":{"line":170,"column":44}},"42":{"start":{"line":171,"column":4},"end":{"line":171,"column":38}},"43":{"start":{"line":171,"column":23},"end":{"line":171,"column":38}},"44":{"start":{"line":172,"column":4},"end":{"line":172,"column":25}},"45":{"start":{"line":175,"column":2},"end":{"line":175,"column":39}},"46":{"start":{"line":175,"column":21},"end":{"line":175,"column":39}},"47":{"start":{"line":176,"column":2},"end":{"line":176,"column":34}},"48":{"start":{"line":176,"column":21},"end":{"line":176,"column":34}},"49":{"start":{"line":177,"column":2},"end":{"line":177,"column":42}},"50":{"start":{"line":177,"column":21},"end":{"line":177,"column":42}},"51":{"start":{"line":178,"column":2},"end":{"line":178,"column":36}},"52":{"start":{"line":178,"column":21},"end":{"line":178,"column":36}},"53":{"start":{"line":179,"column":2},"end":{"line":179,"column":22}},"54":{"start":{"line":186,"column":2},"end":{"line":192,"column":3}},"55":{"start":{"line":187,"column":4},"end":{"line":187,"column":37}},"56":{"start":{"line":187,"column":22},"end":{"line":187,"column":37}},"57":{"start":{"line":188,"column":4},"end":{"line":188,"column":43}},"58":{"start":{"line":188,"column":23},"end":{"line":188,"column":43}},"59":{"start":{"line":189,"column":4},"end":{"line":189,"column":47}},"60":{"start":{"line":189,"column":23},"end":{"line":189,"column":47}},"61":{"start":{"line":190,"column":4},"end":{"line":190,"column":44}},"62":{"start":{"line":190,"column":23},"end":{"line":190,"column":44}},"63":{"start":{"line":191,"column":4},"end":{"line":191,"column":31}},"64":{"start":{"line":194,"column":2},"end":{"line":194,"column":34}},"65":{"start":{"line":194,"column":20},"end":{"line":194,"column":34}},"66":{"start":{"line":195,"column":2},"end":{"line":195,"column":43}},"67":{"start":{"line":195,"column":21},"end":{"line":195,"column":43}},"68":{"start":{"line":196,"column":2},"end":{"line":196,"column":46}},"69":{"start":{"line":196,"column":21},"end":{"line":196,"column":46}},"70":{"start":{"line":197,"column":2},"end":{"line":197,"column":42}},"71":{"start":{"line":197,"column":21},"end":{"line":197,"column":42}},"72":{"start":{"line":198,"column":2},"end":{"line":198,"column":28}}},"fnMap":{"0":{"name":"getWeatherEmoji","decl":{"start":{"line":10,"column":16},"end":{"line":10,"column":31}},"loc":{"start":{"line":10,"column":57},"end":{"line":44,"column":1}},"line":10},"1":{"name":"getWeatherDescription","decl":{"start":{"line":49,"column":16},"end":{"line":49,"column":37}},"loc":{"start":{"line":49,"column":98},"end":{"line":57,"column":1}},"line":49},"2":{"name":"isRainy","decl":{"start":{"line":62,"column":16},"end":{"line":62,"column":23}},"loc":{"start":{"line":62,"column":50},"end":{"line":64,"column":1}},"line":62},"3":{"name":"isSnowy","decl":{"start":{"line":69,"column":16},"end":{"line":69,"column":23}},"loc":{"start":{"line":69,"column":50},"end":{"line":71,"column":1}},"line":69},"4":{"name":"hasThunderstorm","decl":{"start":{"line":76,"column":16},"end":{"line":76,"column":31}},"loc":{"start":{"line":76,"column":58},"end":{"line":78,"column":1}},"line":76},"5":{"name":"isClearSky","decl":{"start":{"line":83,"column":16},"end":{"line":83,"column":26}},"loc":{"start":{"line":83,"column":53},"end":{"line":85,"column":1}},"line":83},"6":{"name":"isCloudy","decl":{"start":{"line":90,"column":16},"end":{"line":90,"column":24}},"loc":{"start":{"line":90,"column":51},"end":{"line":92,"column":1}},"line":90},"7":{"name":"getWeatherAdvisory","decl":{"start":{"line":97,"column":16},"end":{"line":97,"column":34}},"loc":{"start":{"line":101,"column":17},"end":{"line":147,"column":1}},"line":101},"8":{"name":"formatHumidity","decl":{"start":{"line":152,"column":16},"end":{"line":152,"column":30}},"loc":{"start":{"line":152,"column":57},"end":{"line":154,"column":1}},"line":152},"9":{"name":"formatCloudCover","decl":{"start":{"line":159,"column":16},"end":{"line":159,"column":32}},"loc":{"start":{"line":159,"column":61},"end":{"line":161,"column":1}},"line":159},"10":{"name":"getHumidityLevel","decl":{"start":{"line":166,"column":16},"end":{"line":166,"column":32}},"loc":{"start":{"line":166,"column":82},"end":{"line":180,"column":1}},"line":166},"11":{"name":"getWindDescription","decl":{"start":{"line":185,"column":16},"end":{"line":185,"column":34}},"loc":{"start":{"line":185,"column":84},"end":{"line":199,"column":1}},"line":185}},"branchMap":{"0":{"loc":{"start":{"line":43,"column":9},"end":{"line":43,"column":35}},"type":"binary-expr","locations":[{"start":{"line":43,"column":9},"end":{"line":43,"column":26}},{"start":{"line":43,"column":30},"end":{"line":43,"column":35}}],"line":43},"1":{"loc":{"start":{"line":49,"column":67},"end":{"line":49,"column":88}},"type":"default-arg","locations":[{"start":{"line":49,"column":84},"end":{"line":49,"column":88}}],"line":49},"2":{"loc":{"start":{"line":51,"column":2},"end":{"line":53,"column":3}},"type":"if","locations":[{"start":{"line":51,"column":2},"end":{"line":53,"column":3}},{"start":{},"end":{}}],"line":51},"3":{"loc":{"start":{"line":56,"column":9},"end":{"line":56,"column":36}},"type":"binary-expr","locations":[{"start":{"line":56,"column":9},"end":{"line":56,"column":23}},{"start":{"line":56,"column":27},"end":{"line":56,"column":36}}],"line":56},"4":{"loc":{"start":{"line":100,"column":2},"end":{"line":100,"column":23}},"type":"default-arg","locations":[{"start":{"line":100,"column":19},"end":{"line":100,"column":23}}],"line":100},"5":{"loc":{"start":{"line":102,"column":18},"end":{"line":102,"column":40}},"type":"binary-expr","locations":[{"start":{"line":102,"column":18},"end":{"line":102,"column":35}},{"start":{"line":102,"column":39},"end":{"line":102,"column":40}}],"line":102},"6":{"loc":{"start":{"line":104,"column":2},"end":{"line":144,"column":3}},"type":"if","locations":[{"start":{"line":104,"column":2},"end":{"line":144,"column":3}},{"start":{"line":124,"column":9},"end":{"line":144,"column":3}}],"line":104},"7":{"loc":{"start":{"line":105,"column":4},"end":{"line":107,"column":5}},"type":"if","locations":[{"start":{"line":105,"column":4},"end":{"line":107,"column":5}},{"start":{},"end":{}}],"line":105},"8":{"loc":{"start":{"line":109,"column":4},"end":{"line":111,"column":5}},"type":"if","locations":[{"start":{"line":109,"column":4},"end":{"line":111,"column":5}},{"start":{},"end":{}}],"line":109},"9":{"loc":{"start":{"line":113,"column":4},"end":{"line":115,"column":5}},"type":"if","locations":[{"start":{"line":113,"column":4},"end":{"line":115,"column":5}},{"start":{},"end":{}}],"line":113},"10":{"loc":{"start":{"line":117,"column":4},"end":{"line":119,"column":5}},"type":"if","locations":[{"start":{"line":117,"column":4},"end":{"line":119,"column":5}},{"start":{},"end":{}}],"line":117},"11":{"loc":{"start":{"line":121,"column":4},"end":{"line":123,"column":5}},"type":"if","locations":[{"start":{"line":121,"column":4},"end":{"line":123,"column":5}},{"start":{},"end":{}}],"line":121},"12":{"loc":{"start":{"line":125,"column":4},"end":{"line":127,"column":5}},"type":"if","locations":[{"start":{"line":125,"column":4},"end":{"line":127,"column":5}},{"start":{},"end":{}}],"line":125},"13":{"loc":{"start":{"line":129,"column":4},"end":{"line":131,"column":5}},"type":"if","locations":[{"start":{"line":129,"column":4},"end":{"line":131,"column":5}},{"start":{},"end":{}}],"line":129},"14":{"loc":{"start":{"line":133,"column":4},"end":{"line":135,"column":5}},"type":"if","locations":[{"start":{"line":133,"column":4},"end":{"line":135,"column":5}},{"start":{},"end":{}}],"line":133},"15":{"loc":{"start":{"line":137,"column":4},"end":{"line":139,"column":5}},"type":"if","locations":[{"start":{"line":137,"column":4},"end":{"line":139,"column":5}},{"start":{},"end":{}}],"line":137},"16":{"loc":{"start":{"line":141,"column":4},"end":{"line":143,"column":5}},"type":"if","locations":[{"start":{"line":141,"column":4},"end":{"line":143,"column":5}},{"start":{},"end":{}}],"line":141},"17":{"loc":{"start":{"line":166,"column":51},"end":{"line":166,"column":72}},"type":"default-arg","locations":[{"start":{"line":166,"column":68},"end":{"line":166,"column":72}}],"line":166},"18":{"loc":{"start":{"line":167,"column":2},"end":{"line":173,"column":3}},"type":"if","locations":[{"start":{"line":167,"column":2},"end":{"line":173,"column":3}},{"start":{},"end":{}}],"line":167},"19":{"loc":{"start":{"line":168,"column":4},"end":{"line":168,"column":43}},"type":"if","locations":[{"start":{"line":168,"column":4},"end":{"line":168,"column":43}},{"start":{},"end":{}}],"line":168},"20":{"loc":{"start":{"line":169,"column":4},"end":{"line":169,"column":37}},"type":"if","locations":[{"start":{"line":169,"column":4},"end":{"line":169,"column":37}},{"start":{},"end":{}}],"line":169},"21":{"loc":{"start":{"line":170,"column":4},"end":{"line":170,"column":44}},"type":"if","locations":[{"start":{"line":170,"column":4},"end":{"line":170,"column":44}},{"start":{},"end":{}}],"line":170},"22":{"loc":{"start":{"line":171,"column":4},"end":{"line":171,"column":38}},"type":"if","locations":[{"start":{"line":171,"column":4},"end":{"line":171,"column":38}},{"start":{},"end":{}}],"line":171},"23":{"loc":{"start":{"line":175,"column":2},"end":{"line":175,"column":39}},"type":"if","locations":[{"start":{"line":175,"column":2},"end":{"line":175,"column":39}},{"start":{},"end":{}}],"line":175},"24":{"loc":{"start":{"line":176,"column":2},"end":{"line":176,"column":34}},"type":"if","locations":[{"start":{"line":176,"column":2},"end":{"line":176,"column":34}},{"start":{},"end":{}}],"line":176},"25":{"loc":{"start":{"line":177,"column":2},"end":{"line":177,"column":42}},"type":"if","locations":[{"start":{"line":177,"column":2},"end":{"line":177,"column":42}},{"start":{},"end":{}}],"line":177},"26":{"loc":{"start":{"line":178,"column":2},"end":{"line":178,"column":36}},"type":"if","locations":[{"start":{"line":178,"column":2},"end":{"line":178,"column":36}},{"start":{},"end":{}}],"line":178},"27":{"loc":{"start":{"line":185,"column":53},"end":{"line":185,"column":74}},"type":"default-arg","locations":[{"start":{"line":185,"column":70},"end":{"line":185,"column":74}}],"line":185},"28":{"loc":{"start":{"line":186,"column":2},"end":{"line":192,"column":3}},"type":"if","locations":[{"start":{"line":186,"column":2},"end":{"line":192,"column":3}},{"start":{},"end":{}}],"line":186},"29":{"loc":{"start":{"line":187,"column":4},"end":{"line":187,"column":37}},"type":"if","locations":[{"start":{"line":187,"column":4},"end":{"line":187,"column":37}},{"start":{},"end":{}}],"line":187},"30":{"loc":{"start":{"line":188,"column":4},"end":{"line":188,"column":43}},"type":"if","locations":[{"start":{"line":188,"column":4},"end":{"line":188,"column":43}},{"start":{},"end":{}}],"line":188},"31":{"loc":{"start":{"line":189,"column":4},"end":{"line":189,"column":47}},"type":"if","locations":[{"start":{"line":189,"column":4},"end":{"line":189,"column":47}},{"start":{},"end":{}}],"line":189},"32":{"loc":{"start":{"line":190,"column":4},"end":{"line":190,"column":44}},"type":"if","locations":[{"start":{"line":190,"column":4},"end":{"line":190,"column":44}},{"start":{},"end":{}}],"line":190},"33":{"loc":{"start":{"line":194,"column":2},"end":{"line":194,"column":34}},"type":"if","locations":[{"start":{"line":194,"column":2},"end":{"line":194,"column":34}},{"start":{},"end":{}}],"line":194},"34":{"loc":{"start":{"line":195,"column":2},"end":{"line":195,"column":43}},"type":"if","locations":[{"start":{"line":195,"column":2},"end":{"line":195,"column":43}},{"start":{},"end":{}}],"line":195},"35":{"loc":{"start":{"line":196,"column":2},"end":{"line":196,"column":46}},"type":"if","locations":[{"start":{"line":196,"column":2},"end":{"line":196,"column":46}},{"start":{},"end":{}}],"line":196},"36":{"loc":{"start":{"line":197,"column":2},"end":{"line":197,"column":42}},"type":"if","locations":[{"start":{"line":197,"column":2},"end":{"line":197,"column":42}},{"start":{},"end":{}}],"line":197}},"s":{"0":0,"1":0,"2":0,"3":0,"4":0,"5":0,"6":0,"7":0,"8":0,"9":0,"10":0,"11":0,"12":0,"13":0,"14":0,"15":0,"16":0,"17":0,"18":0,"19":0,"20":0,"21":0,"22":0,"23":0,"24":0,"25":0,"26":0,"27":0,"28":0,"29":0,"30":0,"31":0,"32":0,"33":0,"34":0,"35":0,"36":0,"37":0,"38":0,"39":0,"40":0,"41":0,"42":0,"43":0,"44":0,"45":0,"46":0,"47":0,"48":0,"49":0,"50":0,"51":0,"52":0,"53":0,"54":0,"55":0,"56":0,"57":0,"58":0,"59":0,"60":0,"61":0,"62":0,"63":0,"64":0,"65":0,"66":0,"67":0,"68":0,"69":0,"70":0,"71":0,"72":0},"f":{"0":0,"1":0,"2":0,"3":0,"4":0,"5":0,"6":0,"7":0,"8":0,"9":0,"10":0,"11":0},"b":{"0":[0,0],"1":[0],"2":[0,0],"3":[0,0],"4":[0],"5":[0,0],"6":[0,0],"7":[0,0],"8":[0,0],"9":[0,0],"10":[0,0],"11":[0,0],"12":[0,0],"13":[0,0],"14":[0,0],"15":[0,0],"16":[0,0],"17":[0],"18":[0,0],"19":[0,0],"20":[0,0],"21":[0,0],"22":[0,0],"23":[0,0],"24":[0,0],"25":[0,0],"26":[0,0],"27":[0],"28":[0,0],"29":[0,0],"30":[0,0],"31":[0,0],"32":[0,0],"33":[0,0],"34":[0,0],"35":[0,0],"36":[0,0]}}
}
