TN:
SF:src/components/ui/Button.tsx
FN:13,Button
FN:21,(anonymous_1)
FNF:2
FNH:2
FNDA:2,Button
FNDA:2,(anonymous_1)
DA:14,2
DA:21,2
LF:2
LH:2
BRDA:17,0,0,2
BRDA:17,0,1,2
BRDA:19,1,0,2
BRDA:19,1,1,1
BRDA:27,2,0,0
BRDA:27,2,1,2
BRDA:27,3,0,2
BRDA:27,3,1,2
BRDA:28,4,0,0
BRDA:28,4,1,2
BRDA:34,5,0,0
BRDA:34,5,1,2
BRF:12
BRH:9
end_of_record
TN:
SF:src/components/ui/Card.tsx
FN:6,Card
FNF:1
FNH:1
FNDA:1,Card
DA:7,1
LF:1
LH:1
BRF:0
BRH:0
end_of_record
TN:
SF:src/components/ui/ErrorBoundary.tsx
FN:17,(anonymous_0)
FN:22,(anonymous_1)
FN:27,(anonymous_2)
FN:40,(anonymous_3)
FN:44,(anonymous_4)
FN:151,withErrorBoundary
FN:155,ErrorBoundaryWrapper
FNF:7
FNH:4
FNDA:5,(anonymous_0)
FNDA:4,(anonymous_1)
FNDA:2,(anonymous_2)
FNDA:0,(anonymous_3)
FNDA:11,(anonymous_4)
FNDA:0,withErrorBoundary
FNDA:0,ErrorBoundaryWrapper
DA:18,5
DA:19,5
DA:24,4
DA:29,2
DA:34,2
DA:40,5
DA:41,0
DA:45,11
DA:47,6
DA:48,3
DA:51,3
DA:77,5
DA:81,2
DA:155,0
DA:156,0
LF:15
LH:12
BRDA:45,0,0,6
BRDA:45,0,1,5
BRDA:47,1,0,3
BRDA:47,1,1,3
BRDA:59,2,0,3
BRDA:59,2,1,0
BRDA:59,2,2,0
BRDA:63,3,0,0
BRDA:63,3,1,0
BRF:9
BRH:5
end_of_record
TN:
SF:src/components/ui/ErrorMessage.tsx
FN:10,ErrorMessage
FNF:1
FNH:0
FNDA:0,ErrorMessage
DA:11,0
DA:24,0
LF:2
LH:0
BRDA:10,0,0,0
BRDA:15,1,0,0
BRDA:15,1,1,0
BRF:3
BRH:0
end_of_record
TN:
SF:src/components/ui/Input.tsx
FN:6,(anonymous_0)
FNF:1
FNH:1
FNDA:2,(anonymous_0)
DA:6,1
DA:7,2
DA:24,1
LF:3
LH:3
BRDA:15,0,0,1
BRDA:15,0,1,1
BRF:2
BRH:2
end_of_record
TN:
SF:src/components/ui/ListItem.tsx
FN:10,ListItem
FN:24,(anonymous_1)
FNF:2
FNH:2
FNDA:2,ListItem
FNDA:1,(anonymous_1)
DA:12,2
DA:18,2
DA:20,1
DA:24,1
LF:4
LH:4
BRDA:14,0,0,1
BRDA:14,0,1,1
BRDA:18,1,0,1
BRDA:18,1,1,1
BRDA:24,2,0,0
BRDA:24,2,1,1
BRF:6
BRH:5
end_of_record
TN:
SF:src/components/ui/LoadingSpinner.tsx
FN:10,LoadingSpinner
FNF:1
FNH:0
FNDA:0,LoadingSpinner
DA:15,0
DA:23,0
LF:2
LH:0
BRDA:11,0,0,0
BRDA:12,1,0,0
BRDA:13,2,0,0
BRDA:18,3,0,0
BRDA:18,3,1,0
BRF:5
BRH:0
end_of_record
TN:
SF:src/components/ui/ModalSheet.tsx
FN:7,ModalSheet
FN:10,(anonymous_1)
FN:15,(anonymous_2)
FN:16,(anonymous_3)
FNF:4
FNH:3
FNDA:1,ModalSheet
FNDA:1,(anonymous_1)
FNDA:3,(anonymous_2)
FNDA:0,(anonymous_3)
DA:8,1
DA:10,1
DA:11,1
DA:12,1
DA:15,3
DA:16,1
DA:18,1
DA:20,1
DA:32,1
LF:9
LH:9
BRDA:11,0,0,1
BRDA:11,0,1,0
BRDA:12,1,0,1
BRDA:12,1,1,0
BRDA:18,2,0,0
BRDA:18,2,1,1
BRF:6
BRH:3
end_of_record
TN:
SF:src/components/ui/PerfStats.tsx
FN:5,PerfStats
FN:15,(anonymous_1)
FN:24,(anonymous_2)
FN:25,(anonymous_3)
FN:28,(anonymous_4)
FN:29,(anonymous_5)
FN:33,(anonymous_6)
FN:34,(anonymous_7)
FN:53,(anonymous_8)
FNF:9
FNH:7
FNDA:3,PerfStats
FNDA:2,(anonymous_1)
FNDA:0,(anonymous_2)
FNDA:0,(anonymous_3)
FNDA:1,(anonymous_4)
FNDA:2,(anonymous_5)
FNDA:2,(anonymous_6)
FNDA:1,(anonymous_7)
FNDA:2,(anonymous_8)
DA:6,3
DA:7,3
DA:8,3
DA:9,3
DA:10,3
DA:11,3
DA:12,3
DA:15,3
DA:21,2
DA:23,2
DA:24,0
DA:25,0
DA:27,2
DA:28,2
DA:29,2
DA:33,3
DA:34,2
DA:35,1
DA:36,1
DA:38,1
DA:39,1
DA:40,1
DA:41,1
DA:43,1
DA:44,0
DA:45,0
DA:46,0
DA:47,0
DA:50,1
DA:52,2
DA:53,2
DA:54,2
DA:58,3
DA:59,1
DA:69,2
LF:35
LH:29
BRDA:23,0,0,0
BRDA:23,0,1,2
BRDA:24,1,0,0
BRDA:24,1,1,0
BRDA:27,2,0,2
BRDA:27,2,1,0
BRDA:28,3,0,1
BRDA:28,3,1,0
BRDA:35,4,0,1
BRDA:35,4,1,0
BRDA:36,5,0,1
BRDA:36,5,1,0
BRDA:41,6,0,0
BRDA:41,6,1,1
BRDA:43,7,0,0
BRDA:43,7,1,1
BRDA:54,8,0,2
BRDA:54,8,1,0
BRDA:58,9,0,2
BRDA:58,9,1,1
BRDA:63,10,0,0
BRDA:63,10,1,1
BRF:22
BRH:11
end_of_record
TN:
SF:src/components/ui/Skeleton.tsx
FN:6,Skeleton
FN:7,(anonymous_1)
FNF:2
FNH:2
FNDA:1,Skeleton
FNDA:1,(anonymous_1)
DA:7,1
DA:8,1
LF:2
LH:2
BRF:0
BRH:0
end_of_record
TN:
SF:src/components/ui/StatusBarWrapper.tsx
FN:5,StatusBarWrapper
FNF:1
FNH:1
FNDA:3,StatusBarWrapper
DA:6,3
DA:10,3
DA:12,3
LF:3
LH:3
BRDA:10,0,0,1
BRDA:10,0,1,2
BRDA:10,1,0,1
BRDA:10,1,1,1
BRF:4
BRH:4
end_of_record
